#
# An unexpected error has occurred (11)
#
Stack:
/usr/lib/libc.so.6(+0x33680) [0x7f1cb697b680]
/opt/Xilinx/Vivado/2015.2/lib/lnx64.o/librdi_runsbase.so(HAXPExpRunStep::getFlowStep() const+0) [0x7f1c970e2970]
/opt/Xilinx/Vivado/2015.2/lib/lnx64.o/librdi_runs.so(HAXFVDIDataMgr::scriptPreCmds_(HAXPExpRunBase*, std::string&, std::string&, std::string&)+0x5f2) [0x7f1c9748e132]
/opt/Xilinx/Vivado/2015.2/lib/lnx64.o/librdi_runsbase.so(HAXPScriptWriter::writePreCmds()+0x58) [0x7f1c970f02e8]
/opt/Xilinx/Vivado/2015.2/lib/lnx64.o/librdi_runsbase.so(HAXPScriptWriter::writeScript()+0x33) [0x7f1c970f39f3]
/opt/Xilinx/Vivado/2015.2/lib/lnx64.o/librdi_runs.so(HAXPLaunchMgr::writeRunFromFloorplan(HAXPExpRun*, HFLFloorplan*, HSTVector<std::pair<HAXPExpRun*, std::string>, std::allocator<std::pair<HAXPExpRun*, std::string> > >&, HDGUIStatus&)+0xd4) [0x7f1c973e4cb4]
/opt/Xilinx/Vivado/2015.2/lib/lnx64.o/librdi_project.so(HAPRRunDaemonLauncher::openDesignAndWriteRun_(HAPRDesignSpec const&, HAXPExpRun*, HSTVector<std::pair<HAXPExpRun*, std::string>, std::allocator<std::pair<HAXPExpRun*, std::string> > >&, HDGUIStatus&)+0x39c) [0x7f1c98961cbc]
/opt/Xilinx/Vivado/2015.2/lib/lnx64.o/librdi_project.so(HAPRRunDaemonLauncher::exportRunForSpec_(HAXPExpRun*, HSTVector<std::pair<HAXPExpRun*, std::string>, std::allocator<std::pair<HAXPExpRun*, std::string> > >&, HDGUIStatus&)+0x9f) [0x7f1c989624bf]
/opt/Xilinx/Vivado/2015.2/lib/lnx64.o/librdi_project.so(HAPRRunDaemonLauncher::launch(HAXPLaunchOptions*, HSTVector<std::pair<HAXPExpRun*, std::string>, std::allocator<std::pair<HAXPExpRun*, std::string> > >&, HDGUIStatus&)+0x372) [0x7f1c98962ff2]
/opt/Xilinx/Vivado/2015.2/lib/lnx64.o/librdi_tcltasks.so(+0x127024e) [0x7f1c8b22a24e]
/opt/Xilinx/Vivado/2015.2/lib/lnx64.o/librdi_common.so(+0x62104f) [0x7f1cb7a3104f]
/opt/Xilinx/Vivado/2015.2/lib/lnx64.o/libtcl8.5.so(+0x331f5) [0x7f1cb29fb1f5]
/opt/Xilinx/Vivado/2015.2/lib/lnx64.o/libtcl8.5.so(+0x76bbe) [0x7f1cb2a3ebbe]
/opt/Xilinx/Vivado/2015.2/lib/lnx64.o/libtcl8.5.so(+0x7e767) [0x7f1cb2a46767]
/opt/Xilinx/Vivado/2015.2/lib/lnx64.o/libtcl8.5.so(TclEvalObjEx+0x77) [0x7f1cb29fd327]
/opt/Xilinx/Vivado/2015.2/lib/lnx64.o/libtcl8.5.so(Tcl_RecordAndEvalObj+0x184) [0x7f1cb2a4c1c4]
/opt/Xilinx/Vivado/2015.2/lib/lnx64.o/librdi_commontasks.so(+0x340d39) [0x7f1caf5ced39]
/opt/Xilinx/Vivado/2015.2/lib/lnx64.o/libtcl8.5.so(Tcl_Main+0x634) [0x7f1cb2a685d4]
/opt/Xilinx/Vivado/2015.2/lib/lnx64.o/librdi_common.so(+0x659c89) [0x7f1cb7a69c89]
/usr/lib/libpthread.so.0(+0x74a4) [0x7f1cb64344a4]
/usr/lib/libc.so.6(clone+0x6d) [0x7f1cb6a3113d]
