#-----------------------------------------------------------
# Vivado v2015.2 (64-bit)
# SW Build 1266856 on Fri Jun 26 16:35:25 MDT 2015
# IP Build 1264090 on Wed Jun 24 14:22:01 MDT 2015
# Start of session at: Sun Nov 29 00:17:53 2015
# Process ID: 8888
# Log file: /home/adnan/Documents/School/EE178/fpga_video_game/latest_fpga_video_game/vivado.log
# Journal file: /home/adnan/Documents/School/EE178/fpga_video_game/latest_fpga_video_game/vivado.jou
#-----------------------------------------------------------
open_project latest_fpga_video_game.xpr
Scanning sources...
Finished scanning sources
INFO: [IP_Flow 19-234] Refreshing IP repositories
INFO: [IP_Flow 19-1704] No user IP repositories specified
INFO: [IP_Flow 19-2313] Loaded Vivado IP repository '/opt/Xilinx/Vivado/2015.2/data/ip'.
source latest_fpga_video_game.tcl
# reset_run impl_1;
# launch_runs impl_1 -to_step write_bitstream;
[Sun Nov 29 00:17:58 2015] Launched impl_1...
Run output will be captured here: /home/adnan/Documents/School/EE178/fpga_video_game/latest_fpga_video_game/latest_fpga_video_game.runs/impl_1/runme.log
# open_hw;
# connect_hw_server;
INFO: [Labtools 27-2285] Connecting to hw_server url TCP:localhost:3121
# open_hw_target;
INFO: [Labtoolstcl 44-466] Opening hw_target localhost:3121/xilinx_tcf/Digilent/210183713240A
# set_property PROBES.FILE {} [lindex [get_hw_devices] 0];
# set_property PROGRAM.FILE {/home/adnan/Documents/School/EE178/fpga_video_game/latest_fpga_video_game/latest_fpga_video_game.runs/impl_1/project.bit} [lindex [get_hw_devices] 0];
ERROR: [Labtools 27-2149] File /home/adnan/Documents/School/EE178/fpga_video_game/latest_fpga_video_game/latest_fpga_video_game.runs/impl_1/project.bit not found. Check file name and file permissions.
exit
INFO: [Common 17-206] Exiting Vivado at Sun Nov 29 00:19:16 2015...
