#-----------------------------------------------------------
# Vivado v2015.2 (64-bit)
# SW Build 1266856 on Fri Jun 26 16:35:25 MDT 2015
# IP Build 1264090 on Wed Jun 24 14:22:01 MDT 2015
# Start of session at: Tue Dec 01 22:56:44 2015
# Process ID: 6044
# Log file: C:/Users/hpm/Desktop/fpga_video_game/fpga_video_game/latest_fpga_video_game/vivado.log
# Journal file: C:/Users/hpm/Desktop/fpga_video_game/fpga_video_game/latest_fpga_video_game\vivado.jou
#-----------------------------------------------------------
start_gui
open_project C:/Users/hpm/Desktop/fpga_video_game/fpga_video_game/latest_fpga_video_game/latest_fpga_video_game.xpr
Scanning sources...
Finished scanning sources
INFO: [IP_Flow 19-234] Refreshing IP repositories
INFO: [IP_Flow 19-1704] No user IP repositories specified
INFO: [IP_Flow 19-2313] Loaded Vivado IP repository 'C:/Xilinx/Vivado/2015.2/data/ip'.
WARNING: [IP_Flow 19-3664] IP 'framebuffer' generated file not found 'c:/Users/hpm/Desktop/fpga_video_game/fpga_video_game/latest_fpga_video_game/latest_fpga_video_game.srcs/sources_1/ip/framebuffer/framebuffer.dcp'. Please regenerate to continue.
WARNING: [IP_Flow 19-3664] IP 'framebuffer' generated file not found 'c:/Users/hpm/Desktop/fpga_video_game/fpga_video_game/latest_fpga_video_game/latest_fpga_video_game.srcs/sources_1/ip/framebuffer/framebuffer_stub.v'. Please regenerate to continue.
WARNING: [IP_Flow 19-3664] IP 'framebuffer' generated file not found 'c:/Users/hpm/Desktop/fpga_video_game/fpga_video_game/latest_fpga_video_game/latest_fpga_video_game.srcs/sources_1/ip/framebuffer/framebuffer_stub.vhdl'. Please regenerate to continue.
WARNING: [IP_Flow 19-3664] IP 'framebuffer' generated file not found 'c:/Users/hpm/Desktop/fpga_video_game/fpga_video_game/latest_fpga_video_game/latest_fpga_video_game.srcs/sources_1/ip/framebuffer/framebuffer_funcsim.v'. Please regenerate to continue.
WARNING: [IP_Flow 19-3664] IP 'framebuffer' generated file not found 'c:/Users/hpm/Desktop/fpga_video_game/fpga_video_game/latest_fpga_video_game/latest_fpga_video_game.srcs/sources_1/ip/framebuffer/framebuffer_funcsim.vhdl'. Please regenerate to continue.
open_project: Time (s): cpu = 00:00:15 ; elapsed = 00:00:08 . Memory (MB): peak = 702.102 ; gain = 132.504
launch_runs impl_1 -jobs 2
[Tue Dec 01 22:57:46 2015] Launched framebuffer_synth_1, synth_1...
Run output will be captured here:
framebuffer_synth_1: C:/Users/hpm/Desktop/fpga_video_game/fpga_video_game/latest_fpga_video_game/latest_fpga_video_game.runs/framebuffer_synth_1/runme.log
synth_1: C:/Users/hpm/Desktop/fpga_video_game/fpga_video_game/latest_fpga_video_game/latest_fpga_video_game.runs/synth_1/runme.log
[Tue Dec 01 22:57:46 2015] Launched impl_1...
Run output will be captured here: C:/Users/hpm/Desktop/fpga_video_game/fpga_video_game/latest_fpga_video_game/latest_fpga_video_game.runs/impl_1/runme.log
reset_run synth_1
launch_runs synth_1 -jobs 2
INFO: [HDL 9-2216] Analyzing Verilog file "C:/Users/hpm/Desktop/fpga_video_game/fpga_video_game/latest_fpga_video_game/latest_fpga_video_game.srcs/sources_1/imports/ee178_fall2015_lab8/kcpsm6.v" into library work [C:/Users/hpm/Desktop/fpga_video_game/fpga_video_game/latest_fpga_video_game/latest_fpga_video_game.srcs/sources_1/imports/ee178_fall2015_lab8/kcpsm6.v:1]
INFO: [HDL 9-2216] Analyzing Verilog file "C:/Users/hpm/Desktop/fpga_video_game/fpga_video_game/latest_fpga_video_game/latest_fpga_video_game.srcs/sources_1/imports/linedraw.v" into library work [C:/Users/hpm/Desktop/fpga_video_game/fpga_video_game/latest_fpga_video_game/latest_fpga_video_game.srcs/sources_1/imports/linedraw.v:1]
INFO: [HDL 9-2216] Analyzing Verilog file "C:/Users/hpm/Desktop/fpga_video_game/fpga_video_game/latest_fpga_video_game/latest_fpga_video_game.srcs/sources_1/imports/ee178_fall2015_lab8/project.v" into library work [C:/Users/hpm/Desktop/fpga_video_game/fpga_video_game/latest_fpga_video_game/latest_fpga_video_game.srcs/sources_1/imports/ee178_fall2015_lab8/project.v:1]
INFO: [HDL 9-2216] Analyzing Verilog file "C:/Users/hpm/Desktop/fpga_video_game/fpga_video_game/latest_fpga_video_game/latest_fpga_video_game.srcs/sources_1/imports/quad_seven_seg.v" into library work [C:/Users/hpm/Desktop/fpga_video_game/fpga_video_game/latest_fpga_video_game/latest_fpga_video_game.srcs/sources_1/imports/quad_seven_seg.v:1]
INFO: [HDL 9-2216] Analyzing Verilog file "C:/Users/hpm/Desktop/fpga_video_game/fpga_video_game/latest_fpga_video_game/software/software.v" into library work [C:/Users/hpm/Desktop/fpga_video_game/fpga_video_game/latest_fpga_video_game/software/software.v:1]
INFO: [HDL 9-2216] Analyzing Verilog file "C:/Users/hpm/Desktop/fpga_video_game/fpga_video_game/latest_fpga_video_game/latest_fpga_video_game.srcs/sources_1/imports/ee178_fall2015_lab8/vga_example.v" into library work [C:/Users/hpm/Desktop/fpga_video_game/fpga_video_game/latest_fpga_video_game/latest_fpga_video_game.srcs/sources_1/imports/ee178_fall2015_lab8/vga_example.v:1]
INFO: [HDL 9-2216] Analyzing Verilog file "C:/Users/hpm/Desktop/fpga_video_game/fpga_video_game/latest_fpga_video_game/latest_fpga_video_game.srcs/sources_1/imports/vga_timing.v" into library work [C:/Users/hpm/Desktop/fpga_video_game/fpga_video_game/latest_fpga_video_game/latest_fpga_video_game.srcs/sources_1/imports/vga_timing.v:1]
[Tue Dec 01 22:59:19 2015] Launched synth_1...
Run output will be captured here: C:/Users/hpm/Desktop/fpga_video_game/fpga_video_game/latest_fpga_video_game/latest_fpga_video_game.runs/synth_1/runme.log
reset_run synth_1
launch_runs synth_1 -jobs 2
INFO: [HDL 9-2216] Analyzing Verilog file "C:/Users/hpm/Desktop/fpga_video_game/fpga_video_game/latest_fpga_video_game/latest_fpga_video_game.srcs/sources_1/imports/ee178_fall2015_lab8/kcpsm6.v" into library work [C:/Users/hpm/Desktop/fpga_video_game/fpga_video_game/latest_fpga_video_game/latest_fpga_video_game.srcs/sources_1/imports/ee178_fall2015_lab8/kcpsm6.v:1]
INFO: [HDL 9-2216] Analyzing Verilog file "C:/Users/hpm/Desktop/fpga_video_game/fpga_video_game/latest_fpga_video_game/latest_fpga_video_game.srcs/sources_1/imports/linedraw.v" into library work [C:/Users/hpm/Desktop/fpga_video_game/fpga_video_game/latest_fpga_video_game/latest_fpga_video_game.srcs/sources_1/imports/linedraw.v:1]
INFO: [HDL 9-2216] Analyzing Verilog file "C:/Users/hpm/Desktop/fpga_video_game/fpga_video_game/latest_fpga_video_game/latest_fpga_video_game.srcs/sources_1/imports/ee178_fall2015_lab8/project.v" into library work [C:/Users/hpm/Desktop/fpga_video_game/fpga_video_game/latest_fpga_video_game/latest_fpga_video_game.srcs/sources_1/imports/ee178_fall2015_lab8/project.v:1]
INFO: [HDL 9-2216] Analyzing Verilog file "C:/Users/hpm/Desktop/fpga_video_game/fpga_video_game/latest_fpga_video_game/latest_fpga_video_game.srcs/sources_1/imports/quad_seven_seg.v" into library work [C:/Users/hpm/Desktop/fpga_video_game/fpga_video_game/latest_fpga_video_game/latest_fpga_video_game.srcs/sources_1/imports/quad_seven_seg.v:1]
INFO: [HDL 9-2216] Analyzing Verilog file "C:/Users/hpm/Desktop/fpga_video_game/fpga_video_game/latest_fpga_video_game/software/software.v" into library work [C:/Users/hpm/Desktop/fpga_video_game/fpga_video_game/latest_fpga_video_game/software/software.v:1]
INFO: [HDL 9-2216] Analyzing Verilog file "C:/Users/hpm/Desktop/fpga_video_game/fpga_video_game/latest_fpga_video_game/latest_fpga_video_game.srcs/sources_1/imports/ee178_fall2015_lab8/vga_example.v" into library work [C:/Users/hpm/Desktop/fpga_video_game/fpga_video_game/latest_fpga_video_game/latest_fpga_video_game.srcs/sources_1/imports/ee178_fall2015_lab8/vga_example.v:1]
INFO: [HDL 9-2216] Analyzing Verilog file "C:/Users/hpm/Desktop/fpga_video_game/fpga_video_game/latest_fpga_video_game/latest_fpga_video_game.srcs/sources_1/imports/vga_timing.v" into library work [C:/Users/hpm/Desktop/fpga_video_game/fpga_video_game/latest_fpga_video_game/latest_fpga_video_game.srcs/sources_1/imports/vga_timing.v:1]
[Tue Dec 01 22:59:42 2015] Launched synth_1...
Run output will be captured here: C:/Users/hpm/Desktop/fpga_video_game/fpga_video_game/latest_fpga_video_game/latest_fpga_video_game.runs/synth_1/runme.log
reset_run synth_1
launch_runs synth_1 -jobs 2
INFO: [HDL 9-2216] Analyzing Verilog file "C:/Users/hpm/Desktop/fpga_video_game/fpga_video_game/latest_fpga_video_game/latest_fpga_video_game.srcs/sources_1/imports/ee178_fall2015_lab8/kcpsm6.v" into library work [C:/Users/hpm/Desktop/fpga_video_game/fpga_video_game/latest_fpga_video_game/latest_fpga_video_game.srcs/sources_1/imports/ee178_fall2015_lab8/kcpsm6.v:1]
INFO: [HDL 9-2216] Analyzing Verilog file "C:/Users/hpm/Desktop/fpga_video_game/fpga_video_game/latest_fpga_video_game/latest_fpga_video_game.srcs/sources_1/imports/linedraw.v" into library work [C:/Users/hpm/Desktop/fpga_video_game/fpga_video_game/latest_fpga_video_game/latest_fpga_video_game.srcs/sources_1/imports/linedraw.v:1]
INFO: [HDL 9-2216] Analyzing Verilog file "C:/Users/hpm/Desktop/fpga_video_game/fpga_video_game/latest_fpga_video_game/latest_fpga_video_game.srcs/sources_1/imports/ee178_fall2015_lab8/project.v" into library work [C:/Users/hpm/Desktop/fpga_video_game/fpga_video_game/latest_fpga_video_game/latest_fpga_video_game.srcs/sources_1/imports/ee178_fall2015_lab8/project.v:1]
INFO: [HDL 9-2216] Analyzing Verilog file "C:/Users/hpm/Desktop/fpga_video_game/fpga_video_game/latest_fpga_video_game/latest_fpga_video_game.srcs/sources_1/imports/quad_seven_seg.v" into library work [C:/Users/hpm/Desktop/fpga_video_game/fpga_video_game/latest_fpga_video_game/latest_fpga_video_game.srcs/sources_1/imports/quad_seven_seg.v:1]
INFO: [HDL 9-2216] Analyzing Verilog file "C:/Users/hpm/Desktop/fpga_video_game/fpga_video_game/latest_fpga_video_game/software/software.v" into library work [C:/Users/hpm/Desktop/fpga_video_game/fpga_video_game/latest_fpga_video_game/software/software.v:1]
INFO: [HDL 9-2216] Analyzing Verilog file "C:/Users/hpm/Desktop/fpga_video_game/fpga_video_game/latest_fpga_video_game/latest_fpga_video_game.srcs/sources_1/imports/ee178_fall2015_lab8/vga_example.v" into library work [C:/Users/hpm/Desktop/fpga_video_game/fpga_video_game/latest_fpga_video_game/latest_fpga_video_game.srcs/sources_1/imports/ee178_fall2015_lab8/vga_example.v:1]
INFO: [HDL 9-2216] Analyzing Verilog file "C:/Users/hpm/Desktop/fpga_video_game/fpga_video_game/latest_fpga_video_game/latest_fpga_video_game.srcs/sources_1/imports/vga_timing.v" into library work [C:/Users/hpm/Desktop/fpga_video_game/fpga_video_game/latest_fpga_video_game/latest_fpga_video_game.srcs/sources_1/imports/vga_timing.v:1]
[Tue Dec 01 23:00:59 2015] Launched synth_1...
Run output will be captured here: C:/Users/hpm/Desktop/fpga_video_game/fpga_video_game/latest_fpga_video_game/latest_fpga_video_game.runs/synth_1/runme.log
reset_run synth_1
launch_runs synth_1 -jobs 2
INFO: [HDL 9-2216] Analyzing Verilog file "C:/Users/hpm/Desktop/fpga_video_game/fpga_video_game/latest_fpga_video_game/latest_fpga_video_game.srcs/sources_1/imports/ee178_fall2015_lab8/kcpsm6.v" into library work [C:/Users/hpm/Desktop/fpga_video_game/fpga_video_game/latest_fpga_video_game/latest_fpga_video_game.srcs/sources_1/imports/ee178_fall2015_lab8/kcpsm6.v:1]
INFO: [HDL 9-2216] Analyzing Verilog file "C:/Users/hpm/Desktop/fpga_video_game/fpga_video_game/latest_fpga_video_game/latest_fpga_video_game.srcs/sources_1/imports/linedraw.v" into library work [C:/Users/hpm/Desktop/fpga_video_game/fpga_video_game/latest_fpga_video_game/latest_fpga_video_game.srcs/sources_1/imports/linedraw.v:1]
INFO: [HDL 9-2216] Analyzing Verilog file "C:/Users/hpm/Desktop/fpga_video_game/fpga_video_game/latest_fpga_video_game/latest_fpga_video_game.srcs/sources_1/imports/ee178_fall2015_lab8/project.v" into library work [C:/Users/hpm/Desktop/fpga_video_game/fpga_video_game/latest_fpga_video_game/latest_fpga_video_game.srcs/sources_1/imports/ee178_fall2015_lab8/project.v:1]
INFO: [HDL 9-2216] Analyzing Verilog file "C:/Users/hpm/Desktop/fpga_video_game/fpga_video_game/latest_fpga_video_game/latest_fpga_video_game.srcs/sources_1/imports/quad_seven_seg.v" into library work [C:/Users/hpm/Desktop/fpga_video_game/fpga_video_game/latest_fpga_video_game/latest_fpga_video_game.srcs/sources_1/imports/quad_seven_seg.v:1]
INFO: [HDL 9-2216] Analyzing Verilog file "C:/Users/hpm/Desktop/fpga_video_game/fpga_video_game/latest_fpga_video_game/software/software.v" into library work [C:/Users/hpm/Desktop/fpga_video_game/fpga_video_game/latest_fpga_video_game/software/software.v:1]
INFO: [HDL 9-2216] Analyzing Verilog file "C:/Users/hpm/Desktop/fpga_video_game/fpga_video_game/latest_fpga_video_game/latest_fpga_video_game.srcs/sources_1/imports/ee178_fall2015_lab8/vga_example.v" into library work [C:/Users/hpm/Desktop/fpga_video_game/fpga_video_game/latest_fpga_video_game/latest_fpga_video_game.srcs/sources_1/imports/ee178_fall2015_lab8/vga_example.v:1]
INFO: [HDL 9-2216] Analyzing Verilog file "C:/Users/hpm/Desktop/fpga_video_game/fpga_video_game/latest_fpga_video_game/latest_fpga_video_game.srcs/sources_1/imports/vga_timing.v" into library work [C:/Users/hpm/Desktop/fpga_video_game/fpga_video_game/latest_fpga_video_game/latest_fpga_video_game.srcs/sources_1/imports/vga_timing.v:1]
[Tue Dec 01 23:02:35 2015] Launched synth_1...
Run output will be captured here: C:/Users/hpm/Desktop/fpga_video_game/fpga_video_game/latest_fpga_video_game/latest_fpga_video_game.runs/synth_1/runme.log
launch_runs impl_1 -jobs 2
[Tue Dec 01 23:03:39 2015] Launched impl_1...
Run output will be captured here: C:/Users/hpm/Desktop/fpga_video_game/fpga_video_game/latest_fpga_video_game/latest_fpga_video_game.runs/impl_1/runme.log
launch_runs impl_1 -to_step write_bitstream -jobs 2
[Tue Dec 01 23:05:07 2015] Launched impl_1...
Run output will be captured here: C:/Users/hpm/Desktop/fpga_video_game/fpga_video_game/latest_fpga_video_game/latest_fpga_video_game.runs/impl_1/runme.log
reset_run synth_1
launch_runs synth_1 -jobs 2
INFO: [HDL 9-2216] Analyzing Verilog file "C:/Users/hpm/Desktop/fpga_video_game/fpga_video_game/latest_fpga_video_game/latest_fpga_video_game.srcs/sources_1/imports/ee178_fall2015_lab8/kcpsm6.v" into library work [C:/Users/hpm/Desktop/fpga_video_game/fpga_video_game/latest_fpga_video_game/latest_fpga_video_game.srcs/sources_1/imports/ee178_fall2015_lab8/kcpsm6.v:1]
INFO: [HDL 9-2216] Analyzing Verilog file "C:/Users/hpm/Desktop/fpga_video_game/fpga_video_game/latest_fpga_video_game/latest_fpga_video_game.srcs/sources_1/imports/linedraw.v" into library work [C:/Users/hpm/Desktop/fpga_video_game/fpga_video_game/latest_fpga_video_game/latest_fpga_video_game.srcs/sources_1/imports/linedraw.v:1]
INFO: [HDL 9-2216] Analyzing Verilog file "C:/Users/hpm/Desktop/fpga_video_game/fpga_video_game/latest_fpga_video_game/latest_fpga_video_game.srcs/sources_1/imports/ee178_fall2015_lab8/project.v" into library work [C:/Users/hpm/Desktop/fpga_video_game/fpga_video_game/latest_fpga_video_game/latest_fpga_video_game.srcs/sources_1/imports/ee178_fall2015_lab8/project.v:1]
INFO: [HDL 9-2216] Analyzing Verilog file "C:/Users/hpm/Desktop/fpga_video_game/fpga_video_game/latest_fpga_video_game/latest_fpga_video_game.srcs/sources_1/imports/quad_seven_seg.v" into library work [C:/Users/hpm/Desktop/fpga_video_game/fpga_video_game/latest_fpga_video_game/latest_fpga_video_game.srcs/sources_1/imports/quad_seven_seg.v:1]
INFO: [HDL 9-2216] Analyzing Verilog file "C:/Users/hpm/Desktop/fpga_video_game/fpga_video_game/latest_fpga_video_game/software/software.v" into library work [C:/Users/hpm/Desktop/fpga_video_game/fpga_video_game/latest_fpga_video_game/software/software.v:1]
INFO: [HDL 9-2216] Analyzing Verilog file "C:/Users/hpm/Desktop/fpga_video_game/fpga_video_game/latest_fpga_video_game/latest_fpga_video_game.srcs/sources_1/imports/ee178_fall2015_lab8/vga_example.v" into library work [C:/Users/hpm/Desktop/fpga_video_game/fpga_video_game/latest_fpga_video_game/latest_fpga_video_game.srcs/sources_1/imports/ee178_fall2015_lab8/vga_example.v:1]
INFO: [HDL 9-2216] Analyzing Verilog file "C:/Users/hpm/Desktop/fpga_video_game/fpga_video_game/latest_fpga_video_game/latest_fpga_video_game.srcs/sources_1/imports/vga_timing.v" into library work [C:/Users/hpm/Desktop/fpga_video_game/fpga_video_game/latest_fpga_video_game/latest_fpga_video_game.srcs/sources_1/imports/vga_timing.v:1]
[Tue Dec 01 23:07:36 2015] Launched synth_1...
Run output will be captured here: C:/Users/hpm/Desktop/fpga_video_game/fpga_video_game/latest_fpga_video_game/latest_fpga_video_game.runs/synth_1/runme.log
launch_runs impl_1 -jobs 2
[Tue Dec 01 23:08:21 2015] Launched impl_1...
Run output will be captured here: C:/Users/hpm/Desktop/fpga_video_game/fpga_video_game/latest_fpga_video_game/latest_fpga_video_game.runs/impl_1/runme.log
launch_runs impl_1 -to_step write_bitstream -jobs 2
[Tue Dec 01 23:09:36 2015] Launched impl_1...
Run output will be captured here: C:/Users/hpm/Desktop/fpga_video_game/fpga_video_game/latest_fpga_video_game/latest_fpga_video_game.runs/impl_1/runme.log
