
*** Running vivado
    with args -log project.vds -m64 -mode batch -messageDb vivado.pb -notrace -source project.tcl

WARNING: Default location for XILINX_VIVADO_HLS not found: 

****** Vivado v2015.2 (64-bit)
  **** SW Build 1266856 on Fri Jun 26 16:35:25 MDT 2015
  **** IP Build 1264090 on Wed Jun 24 14:22:01 MDT 2015
    ** Copyright 1986-2015 Xilinx, Inc. All Rights Reserved.

source project.tcl -notrace
Command: synth_design -top project -part xc7a35tcpg236-1
Starting synth_design
Attempting to get a license for feature 'Synthesis' and/or device 'xc7a35t'
INFO: [Common 17-349] Got license for feature 'Synthesis' and/or device 'xc7a35t'
---------------------------------------------------------------------------------
Starting RTL Elaboration : Time (s): cpu = 00:00:04 ; elapsed = 00:00:04 . Memory (MB): peak = 243.363 ; gain = 68.418
---------------------------------------------------------------------------------
INFO: [Synth 8-638] synthesizing module 'project' [F:/fpga_video_game/latest_fpga_video_game/latest_fpga_video_game.srcs/sources_1/imports/ee178_fall2015_lab8/project.v:13]
INFO: [Synth 8-638] synthesizing module 'vga_example' [F:/fpga_video_game/latest_fpga_video_game/latest_fpga_video_game.srcs/sources_1/imports/ee178_fall2015_lab8/vga_example.v:13]
INFO: [Synth 8-5534] Detected attribute (* KEEP = "TRUE" *) [F:/fpga_video_game/latest_fpga_video_game/latest_fpga_video_game.srcs/sources_1/imports/ee178_fall2015_lab8/vga_example.v:40]
INFO: [Synth 8-5534] Detected attribute (* ASYNC_REG = "TRUE" *) [F:/fpga_video_game/latest_fpga_video_game/latest_fpga_video_game.srcs/sources_1/imports/ee178_fall2015_lab8/vga_example.v:40]
INFO: [Synth 8-638] synthesizing module 'IBUF' [C:/Xilinx/Vivado/2015.2/scripts/rt/data/unisim_comp.v:10256]
	Parameter CAPACITANCE bound to: DONT_CARE - type: string 
	Parameter IBUF_DELAY_VALUE bound to: 0 - type: string 
	Parameter IBUF_LOW_PWR bound to: TRUE - type: string 
	Parameter IFD_DELAY_VALUE bound to: AUTO - type: string 
	Parameter IOSTANDARD bound to: DEFAULT - type: string 
INFO: [Synth 8-256] done synthesizing module 'IBUF' (1#1) [C:/Xilinx/Vivado/2015.2/scripts/rt/data/unisim_comp.v:10256]
INFO: [Synth 8-638] synthesizing module 'MMCME2_BASE' [C:/Xilinx/Vivado/2015.2/scripts/rt/data/unisim_comp.v:16119]
	Parameter BANDWIDTH bound to: OPTIMIZED - type: string 
	Parameter CLKFBOUT_MULT_F bound to: 10.000000 - type: float 
	Parameter CLKFBOUT_PHASE bound to: 0.000000 - type: float 
	Parameter CLKIN1_PERIOD bound to: 10.000000 - type: float 
	Parameter CLKOUT0_DIVIDE_F bound to: 25.000000 - type: float 
	Parameter CLKOUT0_DUTY_CYCLE bound to: 0.500000 - type: float 
	Parameter CLKOUT0_PHASE bound to: 0.000000 - type: float 
	Parameter CLKOUT1_DIVIDE bound to: 1 - type: integer 
	Parameter CLKOUT1_DUTY_CYCLE bound to: 0.500000 - type: float 
	Parameter CLKOUT1_PHASE bound to: 0.000000 - type: float 
	Parameter CLKOUT2_DIVIDE bound to: 1 - type: integer 
	Parameter CLKOUT2_DUTY_CYCLE bound to: 0.500000 - type: float 
	Parameter CLKOUT2_PHASE bound to: 0.000000 - type: float 
	Parameter CLKOUT3_DIVIDE bound to: 1 - type: integer 
	Parameter CLKOUT3_DUTY_CYCLE bound to: 0.500000 - type: float 
	Parameter CLKOUT3_PHASE bound to: 0.000000 - type: float 
	Parameter CLKOUT4_CASCADE bound to: FALSE - type: string 
	Parameter CLKOUT4_DIVIDE bound to: 1 - type: integer 
	Parameter CLKOUT4_DUTY_CYCLE bound to: 0.500000 - type: float 
	Parameter CLKOUT4_PHASE bound to: 0.000000 - type: float 
	Parameter CLKOUT5_DIVIDE bound to: 1 - type: integer 
	Parameter CLKOUT5_DUTY_CYCLE bound to: 0.500000 - type: float 
	Parameter CLKOUT5_PHASE bound to: 0.000000 - type: float 
	Parameter CLKOUT6_DIVIDE bound to: 1 - type: integer 
	Parameter CLKOUT6_DUTY_CYCLE bound to: 0.500000 - type: float 
	Parameter CLKOUT6_PHASE bound to: 0.000000 - type: float 
	Parameter DIVCLK_DIVIDE bound to: 1 - type: integer 
	Parameter REF_JITTER1 bound to: 0.010000 - type: float 
	Parameter STARTUP_WAIT bound to: FALSE - type: string 
INFO: [Synth 8-256] done synthesizing module 'MMCME2_BASE' (2#1) [C:/Xilinx/Vivado/2015.2/scripts/rt/data/unisim_comp.v:16119]
INFO: [Synth 8-638] synthesizing module 'BUFH' [C:/Xilinx/Vivado/2015.2/scripts/rt/data/unisim_comp.v:796]
INFO: [Synth 8-256] done synthesizing module 'BUFH' (3#1) [C:/Xilinx/Vivado/2015.2/scripts/rt/data/unisim_comp.v:796]
INFO: [Synth 8-638] synthesizing module 'BUFGCE' [C:/Xilinx/Vivado/2015.2/scripts/rt/data/unisim_comp.v:617]
	Parameter CE_TYPE bound to: SYNC - type: string 
	Parameter IS_CE_INVERTED bound to: 1'b0 
	Parameter IS_I_INVERTED bound to: 1'b0 
INFO: [Synth 8-256] done synthesizing module 'BUFGCE' (4#1) [C:/Xilinx/Vivado/2015.2/scripts/rt/data/unisim_comp.v:617]
INFO: [Synth 8-638] synthesizing module 'ODDR' [C:/Xilinx/Vivado/2015.2/scripts/rt/data/unisim_comp.v:20635]
	Parameter DDR_CLK_EDGE bound to: OPPOSITE_EDGE - type: string 
	Parameter INIT bound to: 1'b0 
	Parameter IS_C_INVERTED bound to: 1'b0 
	Parameter IS_D1_INVERTED bound to: 1'b0 
	Parameter IS_D2_INVERTED bound to: 1'b0 
	Parameter SRTYPE bound to: SYNC - type: string 
INFO: [Synth 8-256] done synthesizing module 'ODDR' (5#1) [C:/Xilinx/Vivado/2015.2/scripts/rt/data/unisim_comp.v:20635]
INFO: [Synth 8-638] synthesizing module 'vga_timing' [F:/fpga_video_game/latest_fpga_video_game/latest_fpga_video_game.srcs/sources_1/imports/vga_timing.v:13]
INFO: [Synth 8-256] done synthesizing module 'vga_timing' (6#1) [F:/fpga_video_game/latest_fpga_video_game/latest_fpga_video_game.srcs/sources_1/imports/vga_timing.v:13]
INFO: [Synth 8-638] synthesizing module 'framebuffer' [F:/fpga_video_game/latest_fpga_video_game/latest_fpga_video_game.runs/synth_1/.Xil/Vivado-3308-Arya/realtime/framebuffer_stub.v:7]
INFO: [Synth 8-256] done synthesizing module 'framebuffer' (7#1) [F:/fpga_video_game/latest_fpga_video_game/latest_fpga_video_game.runs/synth_1/.Xil/Vivado-3308-Arya/realtime/framebuffer_stub.v:7]
INFO: [Synth 8-638] synthesizing module 'linedraw' [F:/fpga_video_game/latest_fpga_video_game/latest_fpga_video_game.srcs/sources_1/imports/linedraw.v:35]
	Parameter IDLE_STATE bound to: 2'b11 
	Parameter RUNNING_STATE bound to: 2'b01 
	Parameter DONE_STATE bound to: 2'b10 
INFO: [Synth 8-256] done synthesizing module 'linedraw' (8#1) [F:/fpga_video_game/latest_fpga_video_game/latest_fpga_video_game.srcs/sources_1/imports/linedraw.v:35]
INFO: [Synth 8-226] default block is never used [F:/fpga_video_game/latest_fpga_video_game/latest_fpga_video_game.srcs/sources_1/imports/ee178_fall2015_lab8/vga_example.v:187]
INFO: [Synth 8-226] default block is never used [F:/fpga_video_game/latest_fpga_video_game/latest_fpga_video_game.srcs/sources_1/imports/ee178_fall2015_lab8/vga_example.v:284]
INFO: [Synth 8-155] case statement is not full and has no default [F:/fpga_video_game/latest_fpga_video_game/latest_fpga_video_game.srcs/sources_1/imports/ee178_fall2015_lab8/vga_example.v:303]
INFO: [Synth 8-256] done synthesizing module 'vga_example' (9#1) [F:/fpga_video_game/latest_fpga_video_game/latest_fpga_video_game.srcs/sources_1/imports/ee178_fall2015_lab8/vga_example.v:13]
INFO: [Synth 8-638] synthesizing module 'quad_seven_seg' [F:/fpga_video_game/latest_fpga_video_game/latest_fpga_video_game.srcs/sources_1/imports/quad_seven_seg.v:9]
INFO: [Synth 8-226] default block is never used [F:/fpga_video_game/latest_fpga_video_game/latest_fpga_video_game.srcs/sources_1/imports/quad_seven_seg.v:51]
INFO: [Synth 8-226] default block is never used [F:/fpga_video_game/latest_fpga_video_game/latest_fpga_video_game.srcs/sources_1/imports/quad_seven_seg.v:58]
INFO: [Synth 8-226] default block is never used [F:/fpga_video_game/latest_fpga_video_game/latest_fpga_video_game.srcs/sources_1/imports/quad_seven_seg.v:86]
INFO: [Synth 8-226] default block is never used [F:/fpga_video_game/latest_fpga_video_game/latest_fpga_video_game.srcs/sources_1/imports/quad_seven_seg.v:101]
INFO: [Synth 8-226] default block is never used [F:/fpga_video_game/latest_fpga_video_game/latest_fpga_video_game.srcs/sources_1/imports/quad_seven_seg.v:129]
INFO: [Synth 8-226] default block is never used [F:/fpga_video_game/latest_fpga_video_game/latest_fpga_video_game.srcs/sources_1/imports/quad_seven_seg.v:144]
INFO: [Synth 8-226] default block is never used [F:/fpga_video_game/latest_fpga_video_game/latest_fpga_video_game.srcs/sources_1/imports/quad_seven_seg.v:172]
INFO: [Synth 8-226] default block is never used [F:/fpga_video_game/latest_fpga_video_game/latest_fpga_video_game.srcs/sources_1/imports/quad_seven_seg.v:186]
INFO: [Synth 8-226] default block is never used [F:/fpga_video_game/latest_fpga_video_game/latest_fpga_video_game.srcs/sources_1/imports/quad_seven_seg.v:216]
INFO: [Synth 8-256] done synthesizing module 'quad_seven_seg' (10#1) [F:/fpga_video_game/latest_fpga_video_game/latest_fpga_video_game.srcs/sources_1/imports/quad_seven_seg.v:9]
INFO: [Synth 8-638] synthesizing module 'kcpsm6' [F:/fpga_video_game/latest_fpga_video_game/latest_fpga_video_game.srcs/sources_1/imports/ee178_fall2015_lab8/kcpsm6.v:67]
	Parameter hwbuild bound to: 8'b00000000 
	Parameter interrupt_vector bound to: 12'b011111111111 
	Parameter scratch_pad_memory_size bound to: 64 - type: integer 
INFO: [Synth 8-638] synthesizing module 'LUT6_2' [C:/Xilinx/Vivado/2015.2/scripts/rt/data/unisim_comp.v:15935]
	Parameter INIT bound to: 64'b1111111111111111111101010101010100000000000000000000111011101110 
INFO: [Synth 8-256] done synthesizing module 'LUT6_2' (11#1) [C:/Xilinx/Vivado/2015.2/scripts/rt/data/unisim_comp.v:15935]
INFO: [Synth 8-638] synthesizing module 'FD' [C:/Xilinx/Vivado/2015.2/scripts/rt/data/unisim_comp.v:2775]
	Parameter INIT bound to: 1'b0 
INFO: [Synth 8-256] done synthesizing module 'FD' (12#1) [C:/Xilinx/Vivado/2015.2/scripts/rt/data/unisim_comp.v:2775]
INFO: [Synth 8-638] synthesizing module 'LUT6_2__parameterized0' [C:/Xilinx/Vivado/2015.2/scripts/rt/data/unisim_comp.v:15935]
	Parameter INIT bound to: 64'b0000000010000011000000000000101100000000110001000000000001001100 
INFO: [Synth 8-256] done synthesizing module 'LUT6_2__parameterized0' (12#1) [C:/Xilinx/Vivado/2015.2/scripts/rt/data/unisim_comp.v:15935]
INFO: [Synth 8-638] synthesizing module 'LUT6_2__parameterized1' [C:/Xilinx/Vivado/2015.2/scripts/rt/data/unisim_comp.v:15935]
	Parameter INIT bound to: 64'b0000000000010000000000000000000000000000000000000000100000000000 
INFO: [Synth 8-256] done synthesizing module 'LUT6_2__parameterized1' (12#1) [C:/Xilinx/Vivado/2015.2/scripts/rt/data/unisim_comp.v:15935]
INFO: [Synth 8-638] synthesizing module 'LUT6' [C:/Xilinx/Vivado/2015.2/scripts/rt/data/unisim_comp.v:15919]
	Parameter INIT bound to: 64'b0000000000000000000000000000000000000000000000001100101010101010 
INFO: [Synth 8-256] done synthesizing module 'LUT6' (13#1) [C:/Xilinx/Vivado/2015.2/scripts/rt/data/unisim_comp.v:15919]
INFO: [Synth 8-638] synthesizing module 'LUT6_2__parameterized2' [C:/Xilinx/Vivado/2015.2/scripts/rt/data/unisim_comp.v:15935]
	Parameter INIT bound to: 64'b1100110000110011111111110000000010000000100000001000000010000000 
INFO: [Synth 8-256] done synthesizing module 'LUT6_2__parameterized2' (13#1) [C:/Xilinx/Vivado/2015.2/scripts/rt/data/unisim_comp.v:15935]
INFO: [Synth 8-638] synthesizing module 'LUT6__parameterized0' [C:/Xilinx/Vivado/2015.2/scripts/rt/data/unisim_comp.v:15919]
	Parameter INIT bound to: 64'b0101101000111100111111111111111100000000000000000000000000000000 
INFO: [Synth 8-256] done synthesizing module 'LUT6__parameterized0' (13#1) [C:/Xilinx/Vivado/2015.2/scripts/rt/data/unisim_comp.v:15919]
INFO: [Synth 8-638] synthesizing module 'LUT6_2__parameterized3' [C:/Xilinx/Vivado/2015.2/scripts/rt/data/unisim_comp.v:15935]
	Parameter INIT bound to: 64'b0111011101110111000000100111011100000000000000000000001000000000 
INFO: [Synth 8-256] done synthesizing module 'LUT6_2__parameterized3' (13#1) [C:/Xilinx/Vivado/2015.2/scripts/rt/data/unisim_comp.v:15935]
INFO: [Synth 8-638] synthesizing module 'LUT6_2__parameterized4' [C:/Xilinx/Vivado/2015.2/scripts/rt/data/unisim_comp.v:15935]
	Parameter INIT bound to: 64'b0000000000000000111100000000000000000000000000000010001111111111 
INFO: [Synth 8-256] done synthesizing module 'LUT6_2__parameterized4' (13#1) [C:/Xilinx/Vivado/2015.2/scripts/rt/data/unisim_comp.v:15935]
INFO: [Synth 8-638] synthesizing module 'LUT6__parameterized1' [C:/Xilinx/Vivado/2015.2/scripts/rt/data/unisim_comp.v:15919]
	Parameter INIT bound to: 64'b1111111111111111111111111111111100000000000001000000000000000000 
INFO: [Synth 8-256] done synthesizing module 'LUT6__parameterized1' (13#1) [C:/Xilinx/Vivado/2015.2/scripts/rt/data/unisim_comp.v:15919]
INFO: [Synth 8-638] synthesizing module 'LUT6_2__parameterized5' [C:/Xilinx/Vivado/2015.2/scripts/rt/data/unisim_comp.v:15935]
	Parameter INIT bound to: 64'b1111111111111111000100000000000000000000000000000010000000000000 
INFO: [Synth 8-256] done synthesizing module 'LUT6_2__parameterized5' (13#1) [C:/Xilinx/Vivado/2015.2/scripts/rt/data/unisim_comp.v:15935]
INFO: [Synth 8-638] synthesizing module 'LUT6_2__parameterized6' [C:/Xilinx/Vivado/2015.2/scripts/rt/data/unisim_comp.v:15935]
	Parameter INIT bound to: 64'b0000001111001010000000000000000000000100001000000000000000000000 
INFO: [Synth 8-256] done synthesizing module 'LUT6_2__parameterized6' (13#1) [C:/Xilinx/Vivado/2015.2/scripts/rt/data/unisim_comp.v:15935]
INFO: [Synth 8-638] synthesizing module 'LUT6_2__parameterized7' [C:/Xilinx/Vivado/2015.2/scripts/rt/data/unisim_comp.v:15935]
	Parameter INIT bound to: 64'b0111011100001000000000000000000000000000000000000000111100000000 
INFO: [Synth 8-256] done synthesizing module 'LUT6_2__parameterized7' (13#1) [C:/Xilinx/Vivado/2015.2/scripts/rt/data/unisim_comp.v:15935]
INFO: [Synth 8-638] synthesizing module 'LUT6_2__parameterized8' [C:/Xilinx/Vivado/2015.2/scripts/rt/data/unisim_comp.v:15935]
	Parameter INIT bound to: 64'b1101000000000000000000000000000000000010000000000000000000000000 
INFO: [Synth 8-256] done synthesizing module 'LUT6_2__parameterized8' (13#1) [C:/Xilinx/Vivado/2015.2/scripts/rt/data/unisim_comp.v:15935]
INFO: [Synth 8-638] synthesizing module 'LUT6_2__parameterized9' [C:/Xilinx/Vivado/2015.2/scripts/rt/data/unisim_comp.v:15935]
	Parameter INIT bound to: 64'b0000000000000001001111110011111100000000000100001111011111001110 
INFO: [Synth 8-256] done synthesizing module 'LUT6_2__parameterized9' (13#1) [C:/Xilinx/Vivado/2015.2/scripts/rt/data/unisim_comp.v:15935]
INFO: [Synth 8-638] synthesizing module 'LUT6_2__parameterized10' [C:/Xilinx/Vivado/2015.2/scripts/rt/data/unisim_comp.v:15935]
	Parameter INIT bound to: 64'b1100000011001100000000000000000010100000101010100000000000000000 
INFO: [Synth 8-256] done synthesizing module 'LUT6_2__parameterized10' (13#1) [C:/Xilinx/Vivado/2015.2/scripts/rt/data/unisim_comp.v:15935]
INFO: [Synth 8-638] synthesizing module 'FDR' [C:/Xilinx/Vivado/2015.2/scripts/rt/data/unisim_comp.v:3003]
	Parameter INIT bound to: 1'b0 
INFO: [Synth 8-256] done synthesizing module 'FDR' (14#1) [C:/Xilinx/Vivado/2015.2/scripts/rt/data/unisim_comp.v:3003]
INFO: [Synth 8-638] synthesizing module 'LUT6_2__parameterized11' [C:/Xilinx/Vivado/2015.2/scripts/rt/data/unisim_comp.v:15935]
	Parameter INIT bound to: 64'b1000000000000000000000000000000000100000000000000000000000000000 
INFO: [Synth 8-256] done synthesizing module 'LUT6_2__parameterized11' (14#1) [C:/Xilinx/Vivado/2015.2/scripts/rt/data/unisim_comp.v:15935]
INFO: [Synth 8-638] synthesizing module 'LUT6_2__parameterized12' [C:/Xilinx/Vivado/2015.2/scripts/rt/data/unisim_comp.v:15935]
	Parameter INIT bound to: 64'b0100000000000000000000000000000000000001000000000000000000000000 
INFO: [Synth 8-256] done synthesizing module 'LUT6_2__parameterized12' (14#1) [C:/Xilinx/Vivado/2015.2/scripts/rt/data/unisim_comp.v:15935]
INFO: [Synth 8-638] synthesizing module 'LUT6__parameterized2' [C:/Xilinx/Vivado/2015.2/scripts/rt/data/unisim_comp.v:15919]
	Parameter INIT bound to: 64'b0000000010000000000000100000000000000000000000000000000000000000 
INFO: [Synth 8-256] done synthesizing module 'LUT6__parameterized2' (14#1) [C:/Xilinx/Vivado/2015.2/scripts/rt/data/unisim_comp.v:15919]
INFO: [Synth 8-638] synthesizing module 'LUT6__parameterized3' [C:/Xilinx/Vivado/2015.2/scripts/rt/data/unisim_comp.v:15919]
	Parameter INIT bound to: 64'b1010110010101100111111110000000011111111000000001111111100000000 
INFO: [Synth 8-256] done synthesizing module 'LUT6__parameterized3' (14#1) [C:/Xilinx/Vivado/2015.2/scripts/rt/data/unisim_comp.v:15919]
INFO: [Synth 8-638] synthesizing module 'XORCY' [C:/Xilinx/Vivado/2015.2/scripts/rt/data/unisim_comp.v:35694]
INFO: [Synth 8-256] done synthesizing module 'XORCY' (15#1) [C:/Xilinx/Vivado/2015.2/scripts/rt/data/unisim_comp.v:35694]
INFO: [Synth 8-638] synthesizing module 'LUT6_2__parameterized13' [C:/Xilinx/Vivado/2015.2/scripts/rt/data/unisim_comp.v:15935]
	Parameter INIT bound to: 64'b0000000000000000000000000000000010000111011110000000000000000000 
INFO: [Synth 8-256] done synthesizing module 'LUT6_2__parameterized13' (15#1) [C:/Xilinx/Vivado/2015.2/scripts/rt/data/unisim_comp.v:15935]
INFO: [Synth 8-638] synthesizing module 'MUXCY' [C:/Xilinx/Vivado/2015.2/scripts/rt/data/unisim_comp.v:16653]
INFO: [Synth 8-256] done synthesizing module 'MUXCY' (16#1) [C:/Xilinx/Vivado/2015.2/scripts/rt/data/unisim_comp.v:16653]
INFO: [Synth 8-638] synthesizing module 'LUT6__parameterized4' [C:/Xilinx/Vivado/2015.2/scripts/rt/data/unisim_comp.v:15919]
	Parameter INIT bound to: 64'b0110100110010110100101100110100110010110011010010110100110010110 
INFO: [Synth 8-256] done synthesizing module 'LUT6__parameterized4' (16#1) [C:/Xilinx/Vivado/2015.2/scripts/rt/data/unisim_comp.v:15919]
INFO: [Synth 8-638] synthesizing module 'LUT6__parameterized5' [C:/Xilinx/Vivado/2015.2/scripts/rt/data/unisim_comp.v:15919]
	Parameter INIT bound to: 64'b1111111111111111101010101100110011110000111100001111000011110000 
INFO: [Synth 8-256] done synthesizing module 'LUT6__parameterized5' (16#1) [C:/Xilinx/Vivado/2015.2/scripts/rt/data/unisim_comp.v:15919]
INFO: [Synth 8-638] synthesizing module 'LUT6_2__parameterized14' [C:/Xilinx/Vivado/2015.2/scripts/rt/data/unisim_comp.v:15935]
	Parameter INIT bound to: 64'b0011001100110011101010101100110011110000101010100000000000000000 
INFO: [Synth 8-256] done synthesizing module 'LUT6_2__parameterized14' (16#1) [C:/Xilinx/Vivado/2015.2/scripts/rt/data/unisim_comp.v:15935]
INFO: [Synth 8-638] synthesizing module 'FDRE' [C:/Xilinx/Vivado/2015.2/scripts/rt/data/unisim_comp.v:3016]
	Parameter INIT bound to: 1'b0 
	Parameter IS_C_INVERTED bound to: 1'b0 
	Parameter IS_D_INVERTED bound to: 1'b0 
	Parameter IS_R_INVERTED bound to: 1'b0 
INFO: [Synth 8-256] done synthesizing module 'FDRE' (17#1) [C:/Xilinx/Vivado/2015.2/scripts/rt/data/unisim_comp.v:3016]
INFO: [Synth 8-638] synthesizing module 'LUT6_2__parameterized15' [C:/Xilinx/Vivado/2015.2/scripts/rt/data/unisim_comp.v:15935]
	Parameter INIT bound to: 64'b1010001010000000000000000000000000000000111100000000000011110000 
INFO: [Synth 8-256] done synthesizing module 'LUT6_2__parameterized15' (17#1) [C:/Xilinx/Vivado/2015.2/scripts/rt/data/unisim_comp.v:15935]
INFO: [Synth 8-638] synthesizing module 'LUT6_2__parameterized16' [C:/Xilinx/Vivado/2015.2/scripts/rt/data/unisim_comp.v:15935]
	Parameter INIT bound to: 64'b0000000000000000000000000000000000000000000000000000000000000001 
INFO: [Synth 8-256] done synthesizing module 'LUT6_2__parameterized16' (17#1) [C:/Xilinx/Vivado/2015.2/scripts/rt/data/unisim_comp.v:15935]
INFO: [Synth 8-638] synthesizing module 'LUT6_2__parameterized17' [C:/Xilinx/Vivado/2015.2/scripts/rt/data/unisim_comp.v:15935]
	Parameter INIT bound to: 64'b0000000000000000000000000000110100000000000000000000000000000000 
INFO: [Synth 8-256] done synthesizing module 'LUT6_2__parameterized17' (17#1) [C:/Xilinx/Vivado/2015.2/scripts/rt/data/unisim_comp.v:15935]
INFO: [Synth 8-638] synthesizing module 'LUT6__parameterized6' [C:/Xilinx/Vivado/2015.2/scripts/rt/data/unisim_comp.v:15919]
	Parameter INIT bound to: 64'b1111101111111111000000000000000000000000000000000000000000000000 
INFO: [Synth 8-256] done synthesizing module 'LUT6__parameterized6' (17#1) [C:/Xilinx/Vivado/2015.2/scripts/rt/data/unisim_comp.v:15919]
INFO: [Synth 8-638] synthesizing module 'LUT6_2__parameterized18' [C:/Xilinx/Vivado/2015.2/scripts/rt/data/unisim_comp.v:15935]
	Parameter INIT bound to: 64'b1111111100000000111100001111000011001100110011001010101010101010 
INFO: [Synth 8-256] done synthesizing module 'LUT6_2__parameterized18' (17#1) [C:/Xilinx/Vivado/2015.2/scripts/rt/data/unisim_comp.v:15935]
INFO: [Synth 8-638] synthesizing module 'LUT6__parameterized7' [C:/Xilinx/Vivado/2015.2/scripts/rt/data/unisim_comp.v:15919]
	Parameter INIT bound to: 64'b0000000010101010000000001111111100110011110011000000111100000000 
INFO: [Synth 8-256] done synthesizing module 'LUT6__parameterized7' (17#1) [C:/Xilinx/Vivado/2015.2/scripts/rt/data/unisim_comp.v:15919]
INFO: [Synth 8-638] synthesizing module 'LUT6__parameterized8' [C:/Xilinx/Vivado/2015.2/scripts/rt/data/unisim_comp.v:15919]
	Parameter INIT bound to: 64'b0000000010101010000000001111111111001100110011001111000000000000 
INFO: [Synth 8-256] done synthesizing module 'LUT6__parameterized8' (17#1) [C:/Xilinx/Vivado/2015.2/scripts/rt/data/unisim_comp.v:15919]
INFO: [Synth 8-638] synthesizing module 'LUT6_2__parameterized19' [C:/Xilinx/Vivado/2015.2/scripts/rt/data/unisim_comp.v:15935]
	Parameter INIT bound to: 64'b1111111100000000111100001111000011001100110011001010101010101010 
INFO: [Synth 8-256] done synthesizing module 'LUT6_2__parameterized19' (17#1) [C:/Xilinx/Vivado/2015.2/scripts/rt/data/unisim_comp.v:15935]
INFO: [Synth 8-638] synthesizing module 'LUT6__parameterized9' [C:/Xilinx/Vivado/2015.2/scripts/rt/data/unisim_comp.v:15919]
	Parameter INIT bound to: 64'b0000000010101010000000001111111111001100110011001111000000000000 
INFO: [Synth 8-256] done synthesizing module 'LUT6__parameterized9' (17#1) [C:/Xilinx/Vivado/2015.2/scripts/rt/data/unisim_comp.v:15919]
INFO: [Synth 8-638] synthesizing module 'LUT6__parameterized10' [C:/Xilinx/Vivado/2015.2/scripts/rt/data/unisim_comp.v:15919]
	Parameter INIT bound to: 64'b0000000010101010000000001111111111001100110011001111000000000000 
INFO: [Synth 8-256] done synthesizing module 'LUT6__parameterized10' (17#1) [C:/Xilinx/Vivado/2015.2/scripts/rt/data/unisim_comp.v:15919]
INFO: [Synth 8-638] synthesizing module 'LUT6_2__parameterized20' [C:/Xilinx/Vivado/2015.2/scripts/rt/data/unisim_comp.v:15935]
	Parameter INIT bound to: 64'b1111111100000000111100001111000011001100110011001010101010101010 
INFO: [Synth 8-256] done synthesizing module 'LUT6_2__parameterized20' (17#1) [C:/Xilinx/Vivado/2015.2/scripts/rt/data/unisim_comp.v:15935]
INFO: [Synth 8-638] synthesizing module 'LUT6__parameterized11' [C:/Xilinx/Vivado/2015.2/scripts/rt/data/unisim_comp.v:15919]
	Parameter INIT bound to: 64'b0000000010101010000000001111111111001100110011001111000000000000 
INFO: [Synth 8-256] done synthesizing module 'LUT6__parameterized11' (17#1) [C:/Xilinx/Vivado/2015.2/scripts/rt/data/unisim_comp.v:15919]
INFO: [Synth 8-638] synthesizing module 'LUT6__parameterized12' [C:/Xilinx/Vivado/2015.2/scripts/rt/data/unisim_comp.v:15919]
	Parameter INIT bound to: 64'b0000000010101010000000001111111111001100110011001111000000000000 
INFO: [Synth 8-256] done synthesizing module 'LUT6__parameterized12' (17#1) [C:/Xilinx/Vivado/2015.2/scripts/rt/data/unisim_comp.v:15919]
INFO: [Synth 8-638] synthesizing module 'LUT6_2__parameterized21' [C:/Xilinx/Vivado/2015.2/scripts/rt/data/unisim_comp.v:15935]
	Parameter INIT bound to: 64'b1111111100000000111100001111000011001100110011001010101010101010 
INFO: [Synth 8-256] done synthesizing module 'LUT6_2__parameterized21' (17#1) [C:/Xilinx/Vivado/2015.2/scripts/rt/data/unisim_comp.v:15935]
INFO: [Synth 8-638] synthesizing module 'LUT6__parameterized13' [C:/Xilinx/Vivado/2015.2/scripts/rt/data/unisim_comp.v:15919]
	Parameter INIT bound to: 64'b0000000010101010000000001111111111001100110011001111000000000000 
INFO: [Synth 8-256] done synthesizing module 'LUT6__parameterized13' (17#1) [C:/Xilinx/Vivado/2015.2/scripts/rt/data/unisim_comp.v:15919]
INFO: [Synth 8-638] synthesizing module 'LUT6__parameterized14' [C:/Xilinx/Vivado/2015.2/scripts/rt/data/unisim_comp.v:15919]
	Parameter INIT bound to: 64'b0000000010101010000000001111111111001100110011001111000000000000 
INFO: [Synth 8-256] done synthesizing module 'LUT6__parameterized14' (17#1) [C:/Xilinx/Vivado/2015.2/scripts/rt/data/unisim_comp.v:15919]
INFO: [Synth 8-638] synthesizing module 'LUT6_2__parameterized22' [C:/Xilinx/Vivado/2015.2/scripts/rt/data/unisim_comp.v:15935]
	Parameter INIT bound to: 64'b1111111100000000111100001111000011001100110011001010101010101010 
INFO: [Synth 8-256] done synthesizing module 'LUT6_2__parameterized22' (17#1) [C:/Xilinx/Vivado/2015.2/scripts/rt/data/unisim_comp.v:15935]
INFO: [Synth 8-638] synthesizing module 'LUT6__parameterized15' [C:/Xilinx/Vivado/2015.2/scripts/rt/data/unisim_comp.v:15919]
	Parameter INIT bound to: 64'b0000000010101010000000001111111111001100110011001111000000000000 
INFO: [Synth 8-256] done synthesizing module 'LUT6__parameterized15' (17#1) [C:/Xilinx/Vivado/2015.2/scripts/rt/data/unisim_comp.v:15919]
INFO: [Synth 8-638] synthesizing module 'LUT6__parameterized16' [C:/Xilinx/Vivado/2015.2/scripts/rt/data/unisim_comp.v:15919]
	Parameter INIT bound to: 64'b0000000010101010000000001111111111001100110011001111000000000000 
INFO: [Synth 8-256] done synthesizing module 'LUT6__parameterized16' (17#1) [C:/Xilinx/Vivado/2015.2/scripts/rt/data/unisim_comp.v:15919]
INFO: [Synth 8-638] synthesizing module 'LUT6_2__parameterized23' [C:/Xilinx/Vivado/2015.2/scripts/rt/data/unisim_comp.v:15935]
	Parameter INIT bound to: 64'b1111111100000000111100001111000011001100110011001010101010101010 
INFO: [Synth 8-256] done synthesizing module 'LUT6_2__parameterized23' (17#1) [C:/Xilinx/Vivado/2015.2/scripts/rt/data/unisim_comp.v:15935]
INFO: [Synth 8-638] synthesizing module 'LUT6__parameterized17' [C:/Xilinx/Vivado/2015.2/scripts/rt/data/unisim_comp.v:15919]
	Parameter INIT bound to: 64'b0000000010101010000000001111111111001100110011001111000000000000 
INFO: [Synth 8-256] done synthesizing module 'LUT6__parameterized17' (17#1) [C:/Xilinx/Vivado/2015.2/scripts/rt/data/unisim_comp.v:15919]
INFO: [Synth 8-638] synthesizing module 'LUT6__parameterized18' [C:/Xilinx/Vivado/2015.2/scripts/rt/data/unisim_comp.v:15919]
	Parameter INIT bound to: 64'b0000000010101010000000000000000011001100110011001111000000000000 
INFO: [Synth 8-256] done synthesizing module 'LUT6__parameterized18' (17#1) [C:/Xilinx/Vivado/2015.2/scripts/rt/data/unisim_comp.v:15919]
INFO: [Synth 8-638] synthesizing module 'RAM32M' [C:/Xilinx/Vivado/2015.2/scripts/rt/data/unisim_comp.v:27998]
	Parameter INIT_A bound to: 64'b0000000000000000000000000000000000000000000000000000000000000000 
	Parameter INIT_B bound to: 64'b0000000000000000000000000000000000000000000000000000000000000000 
	Parameter INIT_C bound to: 64'b0000000000000000000000000000000000000000000000000000000000000000 
	Parameter INIT_D bound to: 64'b0000000000000000000000000000000000000000000000000000000000000000 
	Parameter IS_WCLK_INVERTED bound to: 1'b0 
INFO: [Synth 8-256] done synthesizing module 'RAM32M' (18#1) [C:/Xilinx/Vivado/2015.2/scripts/rt/data/unisim_comp.v:27998]
INFO: [Synth 8-638] synthesizing module 'LUT6_2__parameterized24' [C:/Xilinx/Vivado/2015.2/scripts/rt/data/unisim_comp.v:15935]
	Parameter INIT bound to: 64'b0000000000010101001010011010101010101010101010101010101010101010 
INFO: [Synth 8-256] done synthesizing module 'LUT6_2__parameterized24' (18#1) [C:/Xilinx/Vivado/2015.2/scripts/rt/data/unisim_comp.v:15935]
INFO: [Synth 8-638] synthesizing module 'LUT6_2__parameterized25' [C:/Xilinx/Vivado/2015.2/scripts/rt/data/unisim_comp.v:15935]
	Parameter INIT bound to: 64'b0000000000101010001001010010101010101010101010101010101010101010 
INFO: [Synth 8-256] done synthesizing module 'LUT6_2__parameterized25' (18#1) [C:/Xilinx/Vivado/2015.2/scripts/rt/data/unisim_comp.v:15935]
INFO: [Synth 8-638] synthesizing module 'LUT6_2__parameterized26' [C:/Xilinx/Vivado/2015.2/scripts/rt/data/unisim_comp.v:15935]
	Parameter INIT bound to: 64'b0000000000101010001001010010101010101010101010101010101010101010 
INFO: [Synth 8-256] done synthesizing module 'LUT6_2__parameterized26' (18#1) [C:/Xilinx/Vivado/2015.2/scripts/rt/data/unisim_comp.v:15935]
INFO: [Synth 8-638] synthesizing module 'LUT6_2__parameterized27' [C:/Xilinx/Vivado/2015.2/scripts/rt/data/unisim_comp.v:15935]
	Parameter INIT bound to: 64'b0000000000101010001001010010101010101010101010101010101010101010 
INFO: [Synth 8-256] done synthesizing module 'LUT6_2__parameterized27' (18#1) [C:/Xilinx/Vivado/2015.2/scripts/rt/data/unisim_comp.v:15935]
INFO: [Synth 8-638] synthesizing module 'LUT6_2__parameterized28' [C:/Xilinx/Vivado/2015.2/scripts/rt/data/unisim_comp.v:15935]
	Parameter INIT bound to: 64'b0000000000101010001001010010101010101010101010101010101010101010 
INFO: [Synth 8-256] done synthesizing module 'LUT6_2__parameterized28' (18#1) [C:/Xilinx/Vivado/2015.2/scripts/rt/data/unisim_comp.v:15935]
INFO: [Synth 8-638] synthesizing module 'LUT6_2__parameterized29' [C:/Xilinx/Vivado/2015.2/scripts/rt/data/unisim_comp.v:15935]
	Parameter INIT bound to: 64'b1111111100000000111100001111000011001100110011001010101010101010 
INFO: [Synth 8-256] done synthesizing module 'LUT6_2__parameterized29' (18#1) [C:/Xilinx/Vivado/2015.2/scripts/rt/data/unisim_comp.v:15935]
INFO: [Synth 8-638] synthesizing module 'LUT6_2__parameterized30' [C:/Xilinx/Vivado/2015.2/scripts/rt/data/unisim_comp.v:15935]
	Parameter INIT bound to: 64'b1111111100000000111100001111000011001100110011001010101010101010 
INFO: [Synth 8-256] done synthesizing module 'LUT6_2__parameterized30' (18#1) [C:/Xilinx/Vivado/2015.2/scripts/rt/data/unisim_comp.v:15935]
INFO: [Synth 8-638] synthesizing module 'LUT6_2__parameterized31' [C:/Xilinx/Vivado/2015.2/scripts/rt/data/unisim_comp.v:15935]
	Parameter INIT bound to: 64'b0110100101101001011011101000101011001100110011000000000000000000 
INFO: [Synth 8-256] done synthesizing module 'LUT6_2__parameterized31' (18#1) [C:/Xilinx/Vivado/2015.2/scripts/rt/data/unisim_comp.v:15935]
INFO: [Synth 8-638] synthesizing module 'LUT6__parameterized19' [C:/Xilinx/Vivado/2015.2/scripts/rt/data/unisim_comp.v:15919]
	Parameter INIT bound to: 64'b1011111110111100100011111000110010110011101100001000001110000000 
INFO: [Synth 8-256] done synthesizing module 'LUT6__parameterized19' (18#1) [C:/Xilinx/Vivado/2015.2/scripts/rt/data/unisim_comp.v:15919]
INFO: [Synth 8-638] synthesizing module 'LUT6_2__parameterized32' [C:/Xilinx/Vivado/2015.2/scripts/rt/data/unisim_comp.v:15935]
	Parameter INIT bound to: 64'b1111111100000000111100001111000011001100110011001010101010101010 
INFO: [Synth 8-256] done synthesizing module 'LUT6_2__parameterized32' (18#1) [C:/Xilinx/Vivado/2015.2/scripts/rt/data/unisim_comp.v:15935]
INFO: [Synth 8-638] synthesizing module 'LUT6__parameterized20' [C:/Xilinx/Vivado/2015.2/scripts/rt/data/unisim_comp.v:15919]
	Parameter INIT bound to: 64'b1111111100000000111100001111000011001100110011001010101010101010 
INFO: [Synth 8-256] done synthesizing module 'LUT6__parameterized20' (18#1) [C:/Xilinx/Vivado/2015.2/scripts/rt/data/unisim_comp.v:15919]
INFO: [Synth 8-638] synthesizing module 'RAM64M' [C:/Xilinx/Vivado/2015.2/scripts/rt/data/unisim_comp.v:28307]
	Parameter INIT_A bound to: 64'b0000000000000000000000000000000000000000000000000000000000000000 
	Parameter INIT_B bound to: 64'b0000000000000000000000000000000000000000000000000000000000000000 
	Parameter INIT_C bound to: 64'b0000000000000000000000000000000000000000000000000000000000000000 
	Parameter INIT_D bound to: 64'b0000000000000000000000000000000000000000000000000000000000000000 
	Parameter IS_WCLK_INVERTED bound to: 1'b0 
INFO: [Synth 8-256] done synthesizing module 'RAM64M' (19#1) [C:/Xilinx/Vivado/2015.2/scripts/rt/data/unisim_comp.v:28307]
INFO: [Synth 8-638] synthesizing module 'LUT6_2__parameterized33' [C:/Xilinx/Vivado/2015.2/scripts/rt/data/unisim_comp.v:15935]
	Parameter INIT bound to: 64'b0110100101101001011011101000101011001100110011000000000000000000 
INFO: [Synth 8-256] done synthesizing module 'LUT6_2__parameterized33' (19#1) [C:/Xilinx/Vivado/2015.2/scripts/rt/data/unisim_comp.v:15935]
INFO: [Synth 8-638] synthesizing module 'LUT6__parameterized21' [C:/Xilinx/Vivado/2015.2/scripts/rt/data/unisim_comp.v:15919]
	Parameter INIT bound to: 64'b1111111100000000111100001111000011001100110011001010101010101010 
INFO: [Synth 8-256] done synthesizing module 'LUT6__parameterized21' (19#1) [C:/Xilinx/Vivado/2015.2/scripts/rt/data/unisim_comp.v:15919]
INFO: [Synth 8-638] synthesizing module 'LUT6_2__parameterized34' [C:/Xilinx/Vivado/2015.2/scripts/rt/data/unisim_comp.v:15935]
	Parameter INIT bound to: 64'b1111111100000000111100001111000011001100110011001010101010101010 
INFO: [Synth 8-256] done synthesizing module 'LUT6_2__parameterized34' (19#1) [C:/Xilinx/Vivado/2015.2/scripts/rt/data/unisim_comp.v:15935]
INFO: [Synth 8-638] synthesizing module 'LUT6_2__parameterized35' [C:/Xilinx/Vivado/2015.2/scripts/rt/data/unisim_comp.v:15935]
	Parameter INIT bound to: 64'b1111111100000000111100001111000011001100110011001010101010101010 
INFO: [Synth 8-256] done synthesizing module 'LUT6_2__parameterized35' (19#1) [C:/Xilinx/Vivado/2015.2/scripts/rt/data/unisim_comp.v:15935]
INFO: [Synth 8-638] synthesizing module 'LUT6_2__parameterized36' [C:/Xilinx/Vivado/2015.2/scripts/rt/data/unisim_comp.v:15935]
	Parameter INIT bound to: 64'b0110100101101001011011101000101011001100110011000000000000000000 
INFO: [Synth 8-256] done synthesizing module 'LUT6_2__parameterized36' (19#1) [C:/Xilinx/Vivado/2015.2/scripts/rt/data/unisim_comp.v:15935]
INFO: [Synth 8-638] synthesizing module 'LUT6_2__parameterized37' [C:/Xilinx/Vivado/2015.2/scripts/rt/data/unisim_comp.v:15935]
	Parameter INIT bound to: 64'b1111111100000000111100001111000011001100110011001010101010101010 
INFO: [Synth 8-256] done synthesizing module 'LUT6_2__parameterized37' (19#1) [C:/Xilinx/Vivado/2015.2/scripts/rt/data/unisim_comp.v:15935]
INFO: [Synth 8-638] synthesizing module 'LUT6__parameterized22' [C:/Xilinx/Vivado/2015.2/scripts/rt/data/unisim_comp.v:15919]
	Parameter INIT bound to: 64'b1111111100000000111100001111000011001100110011001010101010101010 
INFO: [Synth 8-256] done synthesizing module 'LUT6__parameterized22' (19#1) [C:/Xilinx/Vivado/2015.2/scripts/rt/data/unisim_comp.v:15919]
INFO: [Synth 8-638] synthesizing module 'LUT6_2__parameterized38' [C:/Xilinx/Vivado/2015.2/scripts/rt/data/unisim_comp.v:15935]
	Parameter INIT bound to: 64'b0110100101101001011011101000101011001100110011000000000000000000 
INFO: [Synth 8-256] done synthesizing module 'LUT6_2__parameterized38' (19#1) [C:/Xilinx/Vivado/2015.2/scripts/rt/data/unisim_comp.v:15935]
INFO: [Synth 8-638] synthesizing module 'LUT6__parameterized23' [C:/Xilinx/Vivado/2015.2/scripts/rt/data/unisim_comp.v:15919]
	Parameter INIT bound to: 64'b1111111100000000111100001111000011001100110011001010101010101010 
INFO: [Synth 8-256] done synthesizing module 'LUT6__parameterized23' (19#1) [C:/Xilinx/Vivado/2015.2/scripts/rt/data/unisim_comp.v:15919]
INFO: [Synth 8-638] synthesizing module 'LUT6_2__parameterized39' [C:/Xilinx/Vivado/2015.2/scripts/rt/data/unisim_comp.v:15935]
	Parameter INIT bound to: 64'b1111111100000000111100001111000011001100110011001010101010101010 
INFO: [Synth 8-256] done synthesizing module 'LUT6_2__parameterized39' (19#1) [C:/Xilinx/Vivado/2015.2/scripts/rt/data/unisim_comp.v:15935]
INFO: [Synth 8-638] synthesizing module 'LUT6_2__parameterized40' [C:/Xilinx/Vivado/2015.2/scripts/rt/data/unisim_comp.v:15935]
	Parameter INIT bound to: 64'b1111111100000000111100001111000011001100110011001010101010101010 
INFO: [Synth 8-256] done synthesizing module 'LUT6_2__parameterized40' (19#1) [C:/Xilinx/Vivado/2015.2/scripts/rt/data/unisim_comp.v:15935]
INFO: [Synth 8-638] synthesizing module 'LUT6_2__parameterized41' [C:/Xilinx/Vivado/2015.2/scripts/rt/data/unisim_comp.v:15935]
	Parameter INIT bound to: 64'b0110100101101001011011101000101011001100110011000000000000000000 
INFO: [Synth 8-256] done synthesizing module 'LUT6_2__parameterized41' (19#1) [C:/Xilinx/Vivado/2015.2/scripts/rt/data/unisim_comp.v:15935]
INFO: [Synth 8-638] synthesizing module 'LUT6_2__parameterized42' [C:/Xilinx/Vivado/2015.2/scripts/rt/data/unisim_comp.v:15935]
	Parameter INIT bound to: 64'b1111111100000000111100001111000011001100110011001010101010101010 
INFO: [Synth 8-256] done synthesizing module 'LUT6_2__parameterized42' (19#1) [C:/Xilinx/Vivado/2015.2/scripts/rt/data/unisim_comp.v:15935]
INFO: [Synth 8-638] synthesizing module 'LUT6__parameterized24' [C:/Xilinx/Vivado/2015.2/scripts/rt/data/unisim_comp.v:15919]
	Parameter INIT bound to: 64'b1111111100000000111100001111000011001100110011001010101010101010 
INFO: [Synth 8-256] done synthesizing module 'LUT6__parameterized24' (19#1) [C:/Xilinx/Vivado/2015.2/scripts/rt/data/unisim_comp.v:15919]
INFO: [Synth 8-638] synthesizing module 'LUT6_2__parameterized43' [C:/Xilinx/Vivado/2015.2/scripts/rt/data/unisim_comp.v:15935]
	Parameter INIT bound to: 64'b0110100101101001011011101000101011001100110011000000000000000000 
INFO: [Synth 8-256] done synthesizing module 'LUT6_2__parameterized43' (19#1) [C:/Xilinx/Vivado/2015.2/scripts/rt/data/unisim_comp.v:15935]
INFO: [Synth 8-638] synthesizing module 'LUT6__parameterized25' [C:/Xilinx/Vivado/2015.2/scripts/rt/data/unisim_comp.v:15919]
	Parameter INIT bound to: 64'b1111111100000000111100001111000011001100110011001010101010101010 
INFO: [Synth 8-256] done synthesizing module 'LUT6__parameterized25' (19#1) [C:/Xilinx/Vivado/2015.2/scripts/rt/data/unisim_comp.v:15919]
INFO: [Synth 8-638] synthesizing module 'LUT6_2__parameterized44' [C:/Xilinx/Vivado/2015.2/scripts/rt/data/unisim_comp.v:15935]
	Parameter INIT bound to: 64'b1111111100000000111100001111000011001100110011001010101010101010 
INFO: [Synth 8-256] done synthesizing module 'LUT6_2__parameterized44' (19#1) [C:/Xilinx/Vivado/2015.2/scripts/rt/data/unisim_comp.v:15935]
INFO: [Synth 8-638] synthesizing module 'LUT6_2__parameterized45' [C:/Xilinx/Vivado/2015.2/scripts/rt/data/unisim_comp.v:15935]
	Parameter INIT bound to: 64'b1111111100000000111100001111000011001100110011001010101010101010 
INFO: [Synth 8-256] done synthesizing module 'LUT6_2__parameterized45' (19#1) [C:/Xilinx/Vivado/2015.2/scripts/rt/data/unisim_comp.v:15935]
INFO: [Synth 8-638] synthesizing module 'LUT6_2__parameterized46' [C:/Xilinx/Vivado/2015.2/scripts/rt/data/unisim_comp.v:15935]
	Parameter INIT bound to: 64'b0110100101101001011011101000101011001100110011000000000000000000 
INFO: [Synth 8-256] done synthesizing module 'LUT6_2__parameterized46' (19#1) [C:/Xilinx/Vivado/2015.2/scripts/rt/data/unisim_comp.v:15935]
INFO: [Synth 8-638] synthesizing module 'LUT6_2__parameterized47' [C:/Xilinx/Vivado/2015.2/scripts/rt/data/unisim_comp.v:15935]
	Parameter INIT bound to: 64'b1111111100000000111100001111000011001100110011001010101010101010 
INFO: [Synth 8-256] done synthesizing module 'LUT6_2__parameterized47' (19#1) [C:/Xilinx/Vivado/2015.2/scripts/rt/data/unisim_comp.v:15935]
INFO: [Synth 8-638] synthesizing module 'LUT6__parameterized26' [C:/Xilinx/Vivado/2015.2/scripts/rt/data/unisim_comp.v:15919]
	Parameter INIT bound to: 64'b1111111100000000111100001111000011001100110011001010101010101010 
INFO: [Synth 8-256] done synthesizing module 'LUT6__parameterized26' (19#1) [C:/Xilinx/Vivado/2015.2/scripts/rt/data/unisim_comp.v:15919]
INFO: [Synth 8-638] synthesizing module 'LUT6_2__parameterized48' [C:/Xilinx/Vivado/2015.2/scripts/rt/data/unisim_comp.v:15935]
	Parameter INIT bound to: 64'b0110100101101001011011101000101011001100110011000000000000000000 
INFO: [Synth 8-256] done synthesizing module 'LUT6_2__parameterized48' (19#1) [C:/Xilinx/Vivado/2015.2/scripts/rt/data/unisim_comp.v:15935]
INFO: [Synth 8-638] synthesizing module 'LUT6__parameterized27' [C:/Xilinx/Vivado/2015.2/scripts/rt/data/unisim_comp.v:15919]
	Parameter INIT bound to: 64'b1111111100000000111100001111000011001100110011001010101010101010 
INFO: [Synth 8-256] done synthesizing module 'LUT6__parameterized27' (19#1) [C:/Xilinx/Vivado/2015.2/scripts/rt/data/unisim_comp.v:15919]
INFO: [Synth 8-256] done synthesizing module 'kcpsm6' (20#1) [F:/fpga_video_game/latest_fpga_video_game/latest_fpga_video_game.srcs/sources_1/imports/ee178_fall2015_lab8/kcpsm6.v:67]
INFO: [Synth 8-638] synthesizing module 'software' [F:/fpga_video_game/latest_fpga_video_game/software/software.v:54]
INFO: [Synth 8-638] synthesizing module 'RAMB36E1' [C:/Xilinx/Vivado/2015.2/scripts/rt/data/unisim_comp.v:33365]
	Parameter DOA_REG bound to: 0 - type: integer 
	Parameter DOB_REG bound to: 0 - type: integer 
	Parameter EN_ECC_READ bound to: FALSE - type: string 
	Parameter EN_ECC_WRITE bound to: FALSE - type: string 
	Parameter INITP_00 bound to: 256'b1010011001100010001001100011011111010010111101101010010010101001001010010010101010101001001010101001101010001010100110101111010011010000101010101010100010001000100010100010001000100010101010101101001000101010101010000000101000001010001000000000000000000000 
	Parameter INITP_01 bound to: 256'b0010101010011001001000101001101001001001001010100110100100100101001010011010001001010010100110011001001001010010101001100010010010101001100100100100101010011001100100100100101001100110010010010010100110011001001001001010011001100010001010011001100100100100 
	Parameter INITP_02 bound to: 256'b0000000000000000000000000000000000000000000000000000000000000000000000000000000000000000000000000000000000000000000000000000000000000000000000000000000000000000000000000000000000000000000000000000101000100010101001011111010100011101000011110101001011010010 
	Parameter INITP_03 bound to: 256'b0000000000000000000000000000000000000000000000000000000000000000000000000000000000000000000000000000000000000000000000000000000000000000000000000000000000000000000000000000000000000000000000000000000000000000000000000000000000000000000000000000000000000000 
	Parameter INITP_04 bound to: 256'b0000000000000000000000000000000000000000000000000000000000000000000000000000000000000000000000000000000000000000000000000000000000000000000000000000000000000000000000000000000000000000000000000000000000000000000000000000000000000000000000000000000000000000 
	Parameter INITP_05 bound to: 256'b0000000000000000000000000000000000000000000000000000000000000000000000000000000000000000000000000000000000000000000000000000000000000000000000000000000000000000000000000000000000000000000000000000000000000000000000000000000000000000000000000000000000000000 
	Parameter INITP_06 bound to: 256'b0000000000000000000000000000000000000000000000000000000000000000000000000000000000000000000000000000000000000000000000000000000000000000000000000000000000000000000000000000000000000000000000000000000000000000000000000000000000000000000000000000000000000000 
	Parameter INITP_07 bound to: 256'b0000000000000000000000000000000000000000000000000000000000000000000000000000000000000000000000000000000000000000000000000000000000000000000000000000000000000000000000000000000000000000000000000000000000000000000000000000000000000000000000000000000000000000 
	Parameter INITP_08 bound to: 256'b0000000000000000000000000000000000000000000000000000000000000000000000000000000000000000000000000000000000000000000000000000000000000000000000000000000000000000000000000000000000000000000000000000000000000000000000000000000000000000000000000000000000000000 
	Parameter INITP_09 bound to: 256'b0000000000000000000000000000000000000000000000000000000000000000000000000000000000000000000000000000000000000000000000000000000000000000000000000000000000000000000000000000000000000000000000000000000000000000000000000000000000000000000000000000000000000000 
	Parameter INITP_0A bound to: 256'b0000000000000000000000000000000000000000000000000000000000000000000000000000000000000000000000000000000000000000000000000000000000000000000000000000000000000000000000000000000000000000000000000000000000000000000000000000000000000000000000000000000000000000 
	Parameter INITP_0B bound to: 256'b0000000000000000000000000000000000000000000000000000000000000000000000000000000000000000000000000000000000000000000000000000000000000000000000000000000000000000000000000000000000000000000000000000000000000000000000000000000000000000000000000000000000000000 
	Parameter INITP_0C bound to: 256'b0000000000000000000000000000000000000000000000000000000000000000000000000000000000000000000000000000000000000000000000000000000000000000000000000000000000000000000000000000000000000000000000000000000000000000000000000000000000000000000000000000000000000000 
	Parameter INITP_0D bound to: 256'b0000000000000000000000000000000000000000000000000000000000000000000000000000000000000000000000000000000000000000000000000000000000000000000000000000000000000000000000000000000000000000000000000000000000000000000000000000000000000000000000000000000000000000 
	Parameter INITP_0E bound to: 256'b0000000000000000000000000000000000000000000000000000000000000000000000000000000000000000000000000000000000000000000000000000000000000000000000000000000000000000000000000000000000000000000000000000000000000000000000000000000000000000000000000000000000000000 
	Parameter INITP_0F bound to: 256'b1000000000000000000000000000000000000000000000000000000000000000000000000000000000000000000000000000000000000000000000000000000000000000000000000000000000000000000000000000000000000000000000000000000000000000000000000000000000000000000000000000000000000000 
	Parameter INIT_00 bound to: 256'b1001000100001110100100000000111110000000000000011101010100000101000101010000111111010101000001100001010100000011000111110110001000011110111111110001110100000101000111001000000000010100000000000001001100000000000100100000000000010001000000000001000000000000 
	Parameter INIT_01 bound to: 256'b0000000001110101110101010001000010010101000011110000000000100101100101010000111110010000000000010000000000011011000000001111111111010100000011001101001100001011110100100000101010010100000011111001001100001110100100100000111100100000000011101101000000001000 
	Parameter INIT_02 bound to: 256'b1101010100000000000101010000000000000000111111111101010100000011000101010000111111010101000000100001010111111111110101010000000100010101000011111101010100000000000101010000000001010000000000000000000100000101000000000011110000000000011010010000000000111000 
	Parameter INIT_03 bound to: 256'b1010000001000101110001100101000000010110111000010000010111100000010100000000000000000000101101100000000011101011000000000111011101010000000000000000000011111111110101010000001100010101111100001101010100000010000101011111111111010101000000010001010111110000 
	Parameter INIT_04 bound to: 256'b1101010100000010100101010000101011010101000000000010000001010000110101100000001000010110000000001101010100000000001000000101000011010101000000101001010100001010110101010000000000100000010011010010000001001001101000000100100111000101011000000001011000001010 
	Parameter INIT_05 bound to: 256'b0000010111100000000000001111111111010101000000110001010100111100000001011111000011011111000000011101111000000010110111100000000000000000111111111101010100000011110101010000000100010101001111000000010111110000000000001111111111011111000000111101111100000001 
	Parameter INIT_06 bound to: 256'b1110000001110001110101010000111110010101000001110101000000000000011000000110110000100000011011011101111000000000010100000000000000000000111111111101010100000011000101010011110000000101111100001101111100000001110101010000001011010101000000001001010100001010 
	Parameter INIT_07 bound to: 256'b0000000011111111110101100000001110010110000000111101010100000010100101010000000111010110000000010000011011000000110101010000000000010101011001000101000000000000100111000000001001010000000000000000111101010000111000000110110111010101101101001010000001101101 
	Parameter INIT_08 bound to: 256'b1001010100000001110101100000000100000110110000001101010100000000000101010110010000000000111111111101011000000011100101100000001011010101000000101001010100000100110101100000000110010110000000110000011011000000110101010000000010010101000000010001010101100100 
	Parameter INIT_09 bound to: 256'b0001010101100100000000001111111111010110000000110001011000000010110101010000001010010101000001001101011000000001000101100000001100000110110000001101010100000000100101010000000100010101011001000000000011111111110101100000001100010110000000111101010100000010 
	Parameter INIT_0A bound to: 256'b1101011000000001000101100000010100000110110000001101010100000000100101010000010100010101011001000000000011111111110101100000001100010110000001011101010100000010100101010000011111010110000000011001011000000101000001101100000011010101000000001001010100000101 
	Parameter INIT_0B bound to: 256'b0000000011111111110101100000001111010101000000101001010100000111110101100000000110010110000000100000011011000000110101010000000010010101000010100001010101100100010100000000000000000000111111111101011000000011100101100000010111010101000000101001010100000111 
	Parameter INIT_0C bound to: 256'b1101011000000001100101100000001000000110110000001101010100000000100101010000100010010101000010100001010101100100000000001111111111010110000000111101010100000010100101010000100011010110000000010000011011000000110101010000000010010101000011000001010101100100 
	Parameter INIT_0D bound to: 256'b0001010101100100000000001111111111010110000000110001011000000001110101010000001011010110000000010000011011000000110101010000000010010101000010011001010100001100000101010110010000000000111111111101011000000011100101100000001011010101000000101001010100000010 
	Parameter INIT_0E bound to: 256'b1001011000000101000001101100000011010101000000001001010100000101000101010110010001010000000000000000000011111111110101100000001100010110000001011101010100000010110101100000000110010110000001000000011011000000110101010000000010010101000010101001010100001010 
	Parameter INIT_0F bound to: 256'b0001010100000001010100000000000000000000111111111101011000000011110101010000001010010101000010101101011000000001100101100000011100000110110000001101010100000000000101010110010000000000111111111101011000000011100101100000001011010101000000101101011000000001 
	Parameter INIT_10 bound to: 256'b0000100011110000000101100000000100100001000101111100011101100000000001111100000000000110111100000110000100010100001000010000101011010101011001001001010100001010000001011110000001010000000000000010000100000001110101010000000110010101000001001101010100000100 
	Parameter INIT_11 bound to: 256'b0000000000000000000000000000000001010000000000001101100000000011100110000000011111011000000000101001100000000111110101110000000111010101000000000101000000000000000111000000000110011110000000010110000100001100001000010001010011000110100000000001100000111100 
	Parameter INIT_12 bound to: 256'b0000000000000000000000000000000000000000000000000000000000000000000000000000000000000000000000000000000000000000000000000000000000000000000000000000000000000000000000000000000000000000000000000000000000000000000000000000000000000000000000000000000000000000 
	Parameter INIT_13 bound to: 256'b0000000000000000000000000000000000000000000000000000000000000000000000000000000000000000000000000000000000000000000000000000000000000000000000000000000000000000000000000000000000000000000000000000000000000000000000000000000000000000000000000000000000000000 
	Parameter INIT_14 bound to: 256'b0000000000000000000000000000000000000000000000000000000000000000000000000000000000000000000000000000000000000000000000000000000000000000000000000000000000000000000000000000000000000000000000000000000000000000000000000000000000000000000000000000000000000000 
	Parameter INIT_15 bound to: 256'b0000000000000000000000000000000000000000000000000000000000000000000000000000000000000000000000000000000000000000000000000000000000000000000000000000000000000000000000000000000000000000000000000000000000000000000000000000000000000000000000000000000000000000 
	Parameter INIT_16 bound to: 256'b0000000000000000000000000000000000000000000000000000000000000000000000000000000000000000000000000000000000000000000000000000000000000000000000000000000000000000000000000000000000000000000000000000000000000000000000000000000000000000000000000000000000000000 
	Parameter INIT_17 bound to: 256'b0000000000000000000000000000000000000000000000000000000000000000000000000000000000000000000000000000000000000000000000000000000000000000000000000000000000000000000000000000000000000000000000000000000000000000000000000000000000000000000000000000000000000000 
	Parameter INIT_18 bound to: 256'b0000000000000000000000000000000000000000000000000000000000000000000000000000000000000000000000000000000000000000000000000000000000000000000000000000000000000000000000000000000000000000000000000000000000000000000000000000000000000000000000000000000000000000 
	Parameter INIT_19 bound to: 256'b0000000000000000000000000000000000000000000000000000000000000000000000000000000000000000000000000000000000000000000000000000000000000000000000000000000000000000000000000000000000000000000000000000000000000000000000000000000000000000000000000000000000000000 
	Parameter INIT_1A bound to: 256'b0000000000000000000000000000000000000000000000000000000000000000000000000000000000000000000000000000000000000000000000000000000000000000000000000000000000000000000000000000000000000000000000000000000000000000000000000000000000000000000000000000000000000000 
	Parameter INIT_1B bound to: 256'b0000000000000000000000000000000000000000000000000000000000000000000000000000000000000000000000000000000000000000000000000000000000000000000000000000000000000000000000000000000000000000000000000000000000000000000000000000000000000000000000000000000000000000 
	Parameter INIT_1C bound to: 256'b0000000000000000000000000000000000000000000000000000000000000000000000000000000000000000000000000000000000000000000000000000000000000000000000000000000000000000000000000000000000000000000000000000000000000000000000000000000000000000000000000000000000000000 
	Parameter INIT_1D bound to: 256'b0000000000000000000000000000000000000000000000000000000000000000000000000000000000000000000000000000000000000000000000000000000000000000000000000000000000000000000000000000000000000000000000000000000000000000000000000000000000000000000000000000000000000000 
	Parameter INIT_1E bound to: 256'b0000000000000000000000000000000000000000000000000000000000000000000000000000000000000000000000000000000000000000000000000000000000000000000000000000000000000000000000000000000000000000000000000000000000000000000000000000000000000000000000000000000000000000 
	Parameter INIT_1F bound to: 256'b0000000000000000000000000000000000000000000000000000000000000000000000000000000000000000000000000000000000000000000000000000000000000000000000000000000000000000000000000000000000000000000000000000000000000000000000000000000000000000000000000000000000000000 
	Parameter INIT_20 bound to: 256'b0000000000000000000000000000000000000000000000000000000000000000000000000000000000000000000000000000000000000000000000000000000000000000000000000000000000000000000000000000000000000000000000000000000000000000000000000000000000000000000000000000000000000000 
	Parameter INIT_21 bound to: 256'b0000000000000000000000000000000000000000000000000000000000000000000000000000000000000000000000000000000000000000000000000000000000000000000000000000000000000000000000000000000000000000000000000000000000000000000000000000000000000000000000000000000000000000 
	Parameter INIT_22 bound to: 256'b0000000000000000000000000000000000000000000000000000000000000000000000000000000000000000000000000000000000000000000000000000000000000000000000000000000000000000000000000000000000000000000000000000000000000000000000000000000000000000000000000000000000000000 
	Parameter INIT_23 bound to: 256'b0000000000000000000000000000000000000000000000000000000000000000000000000000000000000000000000000000000000000000000000000000000000000000000000000000000000000000000000000000000000000000000000000000000000000000000000000000000000000000000000000000000000000000 
	Parameter INIT_24 bound to: 256'b0000000000000000000000000000000000000000000000000000000000000000000000000000000000000000000000000000000000000000000000000000000000000000000000000000000000000000000000000000000000000000000000000000000000000000000000000000000000000000000000000000000000000000 
	Parameter INIT_25 bound to: 256'b0000000000000000000000000000000000000000000000000000000000000000000000000000000000000000000000000000000000000000000000000000000000000000000000000000000000000000000000000000000000000000000000000000000000000000000000000000000000000000000000000000000000000000 
	Parameter INIT_26 bound to: 256'b0000000000000000000000000000000000000000000000000000000000000000000000000000000000000000000000000000000000000000000000000000000000000000000000000000000000000000000000000000000000000000000000000000000000000000000000000000000000000000000000000000000000000000 
	Parameter INIT_27 bound to: 256'b0000000000000000000000000000000000000000000000000000000000000000000000000000000000000000000000000000000000000000000000000000000000000000000000000000000000000000000000000000000000000000000000000000000000000000000000000000000000000000000000000000000000000000 
	Parameter INIT_28 bound to: 256'b0000000000000000000000000000000000000000000000000000000000000000000000000000000000000000000000000000000000000000000000000000000000000000000000000000000000000000000000000000000000000000000000000000000000000000000000000000000000000000000000000000000000000000 
	Parameter INIT_29 bound to: 256'b0000000000000000000000000000000000000000000000000000000000000000000000000000000000000000000000000000000000000000000000000000000000000000000000000000000000000000000000000000000000000000000000000000000000000000000000000000000000000000000000000000000000000000 
	Parameter INIT_2A bound to: 256'b0000000000000000000000000000000000000000000000000000000000000000000000000000000000000000000000000000000000000000000000000000000000000000000000000000000000000000000000000000000000000000000000000000000000000000000000000000000000000000000000000000000000000000 
	Parameter INIT_2B bound to: 256'b0000000000000000000000000000000000000000000000000000000000000000000000000000000000000000000000000000000000000000000000000000000000000000000000000000000000000000000000000000000000000000000000000000000000000000000000000000000000000000000000000000000000000000 
	Parameter INIT_2C bound to: 256'b0000000000000000000000000000000000000000000000000000000000000000000000000000000000000000000000000000000000000000000000000000000000000000000000000000000000000000000000000000000000000000000000000000000000000000000000000000000000000000000000000000000000000000 
	Parameter INIT_2D bound to: 256'b0000000000000000000000000000000000000000000000000000000000000000000000000000000000000000000000000000000000000000000000000000000000000000000000000000000000000000000000000000000000000000000000000000000000000000000000000000000000000000000000000000000000000000 
	Parameter INIT_2E bound to: 256'b0000000000000000000000000000000000000000000000000000000000000000000000000000000000000000000000000000000000000000000000000000000000000000000000000000000000000000000000000000000000000000000000000000000000000000000000000000000000000000000000000000000000000000 
	Parameter INIT_2F bound to: 256'b0000000000000000000000000000000000000000000000000000000000000000000000000000000000000000000000000000000000000000000000000000000000000000000000000000000000000000000000000000000000000000000000000000000000000000000000000000000000000000000000000000000000000000 
	Parameter INIT_30 bound to: 256'b0000000000000000000000000000000000000000000000000000000000000000000000000000000000000000000000000000000000000000000000000000000000000000000000000000000000000000000000000000000000000000000000000000000000000000000000000000000000000000000000000000000000000000 
	Parameter INIT_31 bound to: 256'b0000000000000000000000000000000000000000000000000000000000000000000000000000000000000000000000000000000000000000000000000000000000000000000000000000000000000000000000000000000000000000000000000000000000000000000000000000000000000000000000000000000000000000 
	Parameter INIT_32 bound to: 256'b0000000000000000000000000000000000000000000000000000000000000000000000000000000000000000000000000000000000000000000000000000000000000000000000000000000000000000000000000000000000000000000000000000000000000000000000000000000000000000000000000000000000000000 
	Parameter INIT_33 bound to: 256'b0000000000000000000000000000000000000000000000000000000000000000000000000000000000000000000000000000000000000000000000000000000000000000000000000000000000000000000000000000000000000000000000000000000000000000000000000000000000000000000000000000000000000000 
	Parameter INIT_34 bound to: 256'b0000000000000000000000000000000000000000000000000000000000000000000000000000000000000000000000000000000000000000000000000000000000000000000000000000000000000000000000000000000000000000000000000000000000000000000000000000000000000000000000000000000000000000 
	Parameter INIT_35 bound to: 256'b0000000000000000000000000000000000000000000000000000000000000000000000000000000000000000000000000000000000000000000000000000000000000000000000000000000000000000000000000000000000000000000000000000000000000000000000000000000000000000000000000000000000000000 
	Parameter INIT_36 bound to: 256'b0000000000000000000000000000000000000000000000000000000000000000000000000000000000000000000000000000000000000000000000000000000000000000000000000000000000000000000000000000000000000000000000000000000000000000000000000000000000000000000000000000000000000000 
	Parameter INIT_37 bound to: 256'b0000000000000000000000000000000000000000000000000000000000000000000000000000000000000000000000000000000000000000000000000000000000000000000000000000000000000000000000000000000000000000000000000000000000000000000000000000000000000000000000000000000000000000 
	Parameter INIT_38 bound to: 256'b0000000000000000000000000000000000000000000000000000000000000000000000000000000000000000000000000000000000000000000000000000000000000000000000000000000000000000000000000000000000000000000000000000000000000000000000000000000000000000000000000000000000000000 
	Parameter INIT_39 bound to: 256'b0000000000000000000000000000000000000000000000000000000000000000000000000000000000000000000000000000000000000000000000000000000000000000000000000000000000000000000000000000000000000000000000000000000000000000000000000000000000000000000000000000000000000000 
	Parameter INIT_3A bound to: 256'b0000000000000000000000000000000000000000000000000000000000000000000000000000000000000000000000000000000000000000000000000000000000000000000000000000000000000000000000000000000000000000000000000000000000000000000000000000000000000000000000000000000000000000 
	Parameter INIT_3B bound to: 256'b0000000000000000000000000000000000000000000000000000000000000000000000000000000000000000000000000000000000000000000000000000000000000000000000000000000000000000000000000000000000000000000000000000000000000000000000000000000000000000000000000000000000000000 
	Parameter INIT_3C bound to: 256'b0000000000000000000000000000000000000000000000000000000000000000000000000000000000000000000000000000000000000000000000000000000000000000000000000000000000000000000000000000000000000000000000000000000000000000000000000000000000000000000000000000000000000000 
	Parameter INIT_3D bound to: 256'b0000000000000000000000000000000000000000000000000000000000000000000000000000000000000000000000000000000000000000000000000000000000000000000000000000000000000000000000000000000000000000000000000000000000000000000000000000000000000000000000000000000000000000 
	Parameter INIT_3E bound to: 256'b0000000000000000000000000000000000000000000000000000000000000000000000000000000000000000000000000000000000000000000000000000000000000000000000000000000000000000000000000000000000000000000000000000000000000000000000000000000000000000000000000000000000000000 
	Parameter INIT_3F bound to: 256'b0000000000000000000000000000000000000000000000000000000000000000000000000000000000000000000000000000000000000000000000000000000000000000000000000000000000000000000000000000000000000000000000000000000000000000000000000000000000000000000000000000000000000000 
	Parameter INIT_40 bound to: 256'b0000000000000000000000000000000000000000000000000000000000000000000000000000000000000000000000000000000000000000000000000000000000000000000000000000000000000000000000000000000000000000000000000000000000000000000000000000000000000000000000000000000000000000 
	Parameter INIT_41 bound to: 256'b0000000000000000000000000000000000000000000000000000000000000000000000000000000000000000000000000000000000000000000000000000000000000000000000000000000000000000000000000000000000000000000000000000000000000000000000000000000000000000000000000000000000000000 
	Parameter INIT_42 bound to: 256'b0000000000000000000000000000000000000000000000000000000000000000000000000000000000000000000000000000000000000000000000000000000000000000000000000000000000000000000000000000000000000000000000000000000000000000000000000000000000000000000000000000000000000000 
	Parameter INIT_43 bound to: 256'b0000000000000000000000000000000000000000000000000000000000000000000000000000000000000000000000000000000000000000000000000000000000000000000000000000000000000000000000000000000000000000000000000000000000000000000000000000000000000000000000000000000000000000 
	Parameter INIT_44 bound to: 256'b0000000000000000000000000000000000000000000000000000000000000000000000000000000000000000000000000000000000000000000000000000000000000000000000000000000000000000000000000000000000000000000000000000000000000000000000000000000000000000000000000000000000000000 
	Parameter INIT_45 bound to: 256'b0000000000000000000000000000000000000000000000000000000000000000000000000000000000000000000000000000000000000000000000000000000000000000000000000000000000000000000000000000000000000000000000000000000000000000000000000000000000000000000000000000000000000000 
	Parameter INIT_46 bound to: 256'b0000000000000000000000000000000000000000000000000000000000000000000000000000000000000000000000000000000000000000000000000000000000000000000000000000000000000000000000000000000000000000000000000000000000000000000000000000000000000000000000000000000000000000 
	Parameter INIT_47 bound to: 256'b0000000000000000000000000000000000000000000000000000000000000000000000000000000000000000000000000000000000000000000000000000000000000000000000000000000000000000000000000000000000000000000000000000000000000000000000000000000000000000000000000000000000000000 
	Parameter INIT_48 bound to: 256'b0000000000000000000000000000000000000000000000000000000000000000000000000000000000000000000000000000000000000000000000000000000000000000000000000000000000000000000000000000000000000000000000000000000000000000000000000000000000000000000000000000000000000000 
	Parameter INIT_49 bound to: 256'b0000000000000000000000000000000000000000000000000000000000000000000000000000000000000000000000000000000000000000000000000000000000000000000000000000000000000000000000000000000000000000000000000000000000000000000000000000000000000000000000000000000000000000 
	Parameter INIT_4A bound to: 256'b0000000000000000000000000000000000000000000000000000000000000000000000000000000000000000000000000000000000000000000000000000000000000000000000000000000000000000000000000000000000000000000000000000000000000000000000000000000000000000000000000000000000000000 
	Parameter INIT_4B bound to: 256'b0000000000000000000000000000000000000000000000000000000000000000000000000000000000000000000000000000000000000000000000000000000000000000000000000000000000000000000000000000000000000000000000000000000000000000000000000000000000000000000000000000000000000000 
	Parameter INIT_4C bound to: 256'b0000000000000000000000000000000000000000000000000000000000000000000000000000000000000000000000000000000000000000000000000000000000000000000000000000000000000000000000000000000000000000000000000000000000000000000000000000000000000000000000000000000000000000 
	Parameter INIT_4D bound to: 256'b0000000000000000000000000000000000000000000000000000000000000000000000000000000000000000000000000000000000000000000000000000000000000000000000000000000000000000000000000000000000000000000000000000000000000000000000000000000000000000000000000000000000000000 
	Parameter INIT_4E bound to: 256'b0000000000000000000000000000000000000000000000000000000000000000000000000000000000000000000000000000000000000000000000000000000000000000000000000000000000000000000000000000000000000000000000000000000000000000000000000000000000000000000000000000000000000000 
	Parameter INIT_4F bound to: 256'b0000000000000000000000000000000000000000000000000000000000000000000000000000000000000000000000000000000000000000000000000000000000000000000000000000000000000000000000000000000000000000000000000000000000000000000000000000000000000000000000000000000000000000 
	Parameter INIT_50 bound to: 256'b0000000000000000000000000000000000000000000000000000000000000000000000000000000000000000000000000000000000000000000000000000000000000000000000000000000000000000000000000000000000000000000000000000000000000000000000000000000000000000000000000000000000000000 
	Parameter INIT_51 bound to: 256'b0000000000000000000000000000000000000000000000000000000000000000000000000000000000000000000000000000000000000000000000000000000000000000000000000000000000000000000000000000000000000000000000000000000000000000000000000000000000000000000000000000000000000000 
	Parameter INIT_52 bound to: 256'b0000000000000000000000000000000000000000000000000000000000000000000000000000000000000000000000000000000000000000000000000000000000000000000000000000000000000000000000000000000000000000000000000000000000000000000000000000000000000000000000000000000000000000 
	Parameter INIT_53 bound to: 256'b0000000000000000000000000000000000000000000000000000000000000000000000000000000000000000000000000000000000000000000000000000000000000000000000000000000000000000000000000000000000000000000000000000000000000000000000000000000000000000000000000000000000000000 
	Parameter INIT_54 bound to: 256'b0000000000000000000000000000000000000000000000000000000000000000000000000000000000000000000000000000000000000000000000000000000000000000000000000000000000000000000000000000000000000000000000000000000000000000000000000000000000000000000000000000000000000000 
	Parameter INIT_55 bound to: 256'b0000000000000000000000000000000000000000000000000000000000000000000000000000000000000000000000000000000000000000000000000000000000000000000000000000000000000000000000000000000000000000000000000000000000000000000000000000000000000000000000000000000000000000 
	Parameter INIT_56 bound to: 256'b0000000000000000000000000000000000000000000000000000000000000000000000000000000000000000000000000000000000000000000000000000000000000000000000000000000000000000000000000000000000000000000000000000000000000000000000000000000000000000000000000000000000000000 
	Parameter INIT_57 bound to: 256'b0000000000000000000000000000000000000000000000000000000000000000000000000000000000000000000000000000000000000000000000000000000000000000000000000000000000000000000000000000000000000000000000000000000000000000000000000000000000000000000000000000000000000000 
	Parameter INIT_58 bound to: 256'b0000000000000000000000000000000000000000000000000000000000000000000000000000000000000000000000000000000000000000000000000000000000000000000000000000000000000000000000000000000000000000000000000000000000000000000000000000000000000000000000000000000000000000 
	Parameter INIT_59 bound to: 256'b0000000000000000000000000000000000000000000000000000000000000000000000000000000000000000000000000000000000000000000000000000000000000000000000000000000000000000000000000000000000000000000000000000000000000000000000000000000000000000000000000000000000000000 
	Parameter INIT_5A bound to: 256'b0000000000000000000000000000000000000000000000000000000000000000000000000000000000000000000000000000000000000000000000000000000000000000000000000000000000000000000000000000000000000000000000000000000000000000000000000000000000000000000000000000000000000000 
	Parameter INIT_5B bound to: 256'b0000000000000000000000000000000000000000000000000000000000000000000000000000000000000000000000000000000000000000000000000000000000000000000000000000000000000000000000000000000000000000000000000000000000000000000000000000000000000000000000000000000000000000 
	Parameter INIT_5C bound to: 256'b0000000000000000000000000000000000000000000000000000000000000000000000000000000000000000000000000000000000000000000000000000000000000000000000000000000000000000000000000000000000000000000000000000000000000000000000000000000000000000000000000000000000000000 
	Parameter INIT_5D bound to: 256'b0000000000000000000000000000000000000000000000000000000000000000000000000000000000000000000000000000000000000000000000000000000000000000000000000000000000000000000000000000000000000000000000000000000000000000000000000000000000000000000000000000000000000000 
	Parameter INIT_5E bound to: 256'b0000000000000000000000000000000000000000000000000000000000000000000000000000000000000000000000000000000000000000000000000000000000000000000000000000000000000000000000000000000000000000000000000000000000000000000000000000000000000000000000000000000000000000 
	Parameter INIT_5F bound to: 256'b0000000000000000000000000000000000000000000000000000000000000000000000000000000000000000000000000000000000000000000000000000000000000000000000000000000000000000000000000000000000000000000000000000000000000000000000000000000000000000000000000000000000000000 
	Parameter INIT_60 bound to: 256'b0000000000000000000000000000000000000000000000000000000000000000000000000000000000000000000000000000000000000000000000000000000000000000000000000000000000000000000000000000000000000000000000000000000000000000000000000000000000000000000000000000000000000000 
	Parameter INIT_61 bound to: 256'b0000000000000000000000000000000000000000000000000000000000000000000000000000000000000000000000000000000000000000000000000000000000000000000000000000000000000000000000000000000000000000000000000000000000000000000000000000000000000000000000000000000000000000 
	Parameter INIT_62 bound to: 256'b0000000000000000000000000000000000000000000000000000000000000000000000000000000000000000000000000000000000000000000000000000000000000000000000000000000000000000000000000000000000000000000000000000000000000000000000000000000000000000000000000000000000000000 
	Parameter INIT_63 bound to: 256'b0000000000000000000000000000000000000000000000000000000000000000000000000000000000000000000000000000000000000000000000000000000000000000000000000000000000000000000000000000000000000000000000000000000000000000000000000000000000000000000000000000000000000000 
	Parameter INIT_64 bound to: 256'b0000000000000000000000000000000000000000000000000000000000000000000000000000000000000000000000000000000000000000000000000000000000000000000000000000000000000000000000000000000000000000000000000000000000000000000000000000000000000000000000000000000000000000 
	Parameter INIT_65 bound to: 256'b0000000000000000000000000000000000000000000000000000000000000000000000000000000000000000000000000000000000000000000000000000000000000000000000000000000000000000000000000000000000000000000000000000000000000000000000000000000000000000000000000000000000000000 
	Parameter INIT_66 bound to: 256'b0000000000000000000000000000000000000000000000000000000000000000000000000000000000000000000000000000000000000000000000000000000000000000000000000000000000000000000000000000000000000000000000000000000000000000000000000000000000000000000000000000000000000000 
	Parameter INIT_67 bound to: 256'b0000000000000000000000000000000000000000000000000000000000000000000000000000000000000000000000000000000000000000000000000000000000000000000000000000000000000000000000000000000000000000000000000000000000000000000000000000000000000000000000000000000000000000 
	Parameter INIT_68 bound to: 256'b0000000000000000000000000000000000000000000000000000000000000000000000000000000000000000000000000000000000000000000000000000000000000000000000000000000000000000000000000000000000000000000000000000000000000000000000000000000000000000000000000000000000000000 
	Parameter INIT_69 bound to: 256'b0000000000000000000000000000000000000000000000000000000000000000000000000000000000000000000000000000000000000000000000000000000000000000000000000000000000000000000000000000000000000000000000000000000000000000000000000000000000000000000000000000000000000000 
	Parameter INIT_6A bound to: 256'b0000000000000000000000000000000000000000000000000000000000000000000000000000000000000000000000000000000000000000000000000000000000000000000000000000000000000000000000000000000000000000000000000000000000000000000000000000000000000000000000000000000000000000 
	Parameter INIT_6B bound to: 256'b0000000000000000000000000000000000000000000000000000000000000000000000000000000000000000000000000000000000000000000000000000000000000000000000000000000000000000000000000000000000000000000000000000000000000000000000000000000000000000000000000000000000000000 
	Parameter INIT_6C bound to: 256'b0000000000000000000000000000000000000000000000000000000000000000000000000000000000000000000000000000000000000000000000000000000000000000000000000000000000000000000000000000000000000000000000000000000000000000000000000000000000000000000000000000000000000000 
	Parameter INIT_6D bound to: 256'b0000000000000000000000000000000000000000000000000000000000000000000000000000000000000000000000000000000000000000000000000000000000000000000000000000000000000000000000000000000000000000000000000000000000000000000000000000000000000000000000000000000000000000 
	Parameter INIT_6E bound to: 256'b0000000000000000000000000000000000000000000000000000000000000000000000000000000000000000000000000000000000000000000000000000000000000000000000000000000000000000000000000000000000000000000000000000000000000000000000000000000000000000000000000000000000000000 
	Parameter INIT_6F bound to: 256'b0000000000000000000000000000000000000000000000000000000000000000000000000000000000000000000000000000000000000000000000000000000000000000000000000000000000000000000000000000000000000000000000000000000000000000000000000000000000000000000000000000000000000000 
	Parameter INIT_70 bound to: 256'b0000000000000000000000000000000000000000000000000000000000000000000000000000000000000000000000000000000000000000000000000000000000000000000000000000000000000000000000000000000000000000000000000000000000000000000000000000000000000000000000000000000000000000 
	Parameter INIT_71 bound to: 256'b0000000000000000000000000000000000000000000000000000000000000000000000000000000000000000000000000000000000000000000000000000000000000000000000000000000000000000000000000000000000000000000000000000000000000000000000000000000000000000000000000000000000000000 
	Parameter INIT_72 bound to: 256'b0000000000000000000000000000000000000000000000000000000000000000000000000000000000000000000000000000000000000000000000000000000000000000000000000000000000000000000000000000000000000000000000000000000000000000000000000000000000000000000000000000000000000000 
	Parameter INIT_73 bound to: 256'b0000000000000000000000000000000000000000000000000000000000000000000000000000000000000000000000000000000000000000000000000000000000000000000000000000000000000000000000000000000000000000000000000000000000000000000000000000000000000000000000000000000000000000 
	Parameter INIT_74 bound to: 256'b0000000000000000000000000000000000000000000000000000000000000000000000000000000000000000000000000000000000000000000000000000000000000000000000000000000000000000000000000000000000000000000000000000000000000000000000000000000000000000000000000000000000000000 
	Parameter INIT_75 bound to: 256'b0000000000000000000000000000000000000000000000000000000000000000000000000000000000000000000000000000000000000000000000000000000000000000000000000000000000000000000000000000000000000000000000000000000000000000000000000000000000000000000000000000000000000000 
	Parameter INIT_76 bound to: 256'b0000000000000000000000000000000000000000000000000000000000000000000000000000000000000000000000000000000000000000000000000000000000000000000000000000000000000000000000000000000000000000000000000000000000000000000000000000000000000000000000000000000000000000 
	Parameter INIT_77 bound to: 256'b0000000000000000000000000000000000000000000000000000000000000000000000000000000000000000000000000000000000000000000000000000000000000000000000000000000000000000000000000000000000000000000000000000000000000000000000000000000000000000000000000000000000000000 
	Parameter INIT_78 bound to: 256'b0000000000000000000000000000000000000000000000000000000000000000000000000000000000000000000000000000000000000000000000000000000000000000000000000000000000000000000000000000000000000000000000000000000000000000000000000000000000000000000000000000000000000000 
	Parameter INIT_79 bound to: 256'b0000000000000000000000000000000000000000000000000000000000000000000000000000000000000000000000000000000000000000000000000000000000000000000000000000000000000000000000000000000000000000000000000000000000000000000000000000000000000000000000000000000000000000 
	Parameter INIT_7A bound to: 256'b0000000000000000000000000000000000000000000000000000000000000000000000000000000000000000000000000000000000000000000000000000000000000000000000000000000000000000000000000000000000000000000000000000000000000000000000000000000000000000000000000000000000000000 
	Parameter INIT_7B bound to: 256'b0000000000000000000000000000000000000000000000000000000000000000000000000000000000000000000000000000000000000000000000000000000000000000000000000000000000000000000000000000000000000000000000000000000000000000000000000000000000000000000000000000000000000000 
	Parameter INIT_7C bound to: 256'b0000000000000000000000000000000000000000000000000000000000000000000000000000000000000000000000000000000000000000000000000000000000000000000000000000000000000000000000000000000000000000000000000000000000000000000000000000000000000000000000000000000000000000 
	Parameter INIT_7D bound to: 256'b0000000000000000000000000000000000000000000000000000000000000000000000000000000000000000000000000000000000000000000000000000000000000000000000000000000000000000000000000000000000000000000000000000000000000000000000000000000000000000000000000000000000000000 
	Parameter INIT_7E bound to: 256'b0000000000000000000000000000000000000000000000000000000000000000000000000000000000000000000000000000000000000000000000000000000000000000000000000000000000000000000000000000000000000000000000000000000000000000000000000000000000000000000000000000000000000000 
	Parameter INIT_7F bound to: 256'b0010000000010010000000000000000000000000000000000000000000000000000000000000000000000000000000000000000000000000000000000000000000000000000000000000000000000000000000000000000000000000000000000000000000000000000000000000000000000000000000000000000000000000 
	Parameter INIT_A bound to: 36'b000000000000000000000000000000000000 
	Parameter INIT_B bound to: 36'b000000000000000000000000000000000000 
	Parameter INIT_FILE bound to: NONE - type: string 
	Parameter IS_CLKARDCLK_INVERTED bound to: 1'b0 
	Parameter IS_CLKBWRCLK_INVERTED bound to: 1'b0 
	Parameter IS_ENARDEN_INVERTED bound to: 1'b0 
	Parameter IS_ENBWREN_INVERTED bound to: 1'b0 
	Parameter IS_RSTRAMARSTRAM_INVERTED bound to: 1'b0 
	Parameter IS_RSTRAMB_INVERTED bound to: 1'b0 
	Parameter IS_RSTREGARSTREG_INVERTED bound to: 1'b0 
	Parameter IS_RSTREGB_INVERTED bound to: 1'b0 
	Parameter RAM_EXTENSION_A bound to: NONE - type: string 
	Parameter RAM_EXTENSION_B bound to: NONE - type: string 
	Parameter RAM_MODE bound to: TDP - type: string 
	Parameter RDADDR_COLLISION_HWCONFIG bound to: DELAYED_WRITE - type: string 
	Parameter READ_WIDTH_A bound to: 18 - type: integer 
	Parameter READ_WIDTH_B bound to: 18 - type: integer 
	Parameter RSTREG_PRIORITY_A bound to: REGCE - type: string 
	Parameter RSTREG_PRIORITY_B bound to: REGCE - type: string 
	Parameter SIM_COLLISION_CHECK bound to: ALL - type: string 
	Parameter SIM_DEVICE bound to: 7SERIES - type: string 
	Parameter SRVAL_A bound to: 36'b000000000000000000000000000000000000 
	Parameter SRVAL_B bound to: 36'b000000000000000000000000000000000000 
	Parameter WRITE_MODE_A bound to: WRITE_FIRST - type: string 
	Parameter WRITE_MODE_B bound to: WRITE_FIRST - type: string 
	Parameter WRITE_WIDTH_A bound to: 18 - type: integer 
	Parameter WRITE_WIDTH_B bound to: 18 - type: integer 
INFO: [Synth 8-256] done synthesizing module 'RAMB36E1' (21#1) [C:/Xilinx/Vivado/2015.2/scripts/rt/data/unisim_comp.v:33365]
INFO: [Synth 8-256] done synthesizing module 'software' (22#1) [F:/fpga_video_game/latest_fpga_video_game/software/software.v:54]
INFO: [Synth 8-256] done synthesizing module 'project' (23#1) [F:/fpga_video_game/latest_fpga_video_game/latest_fpga_video_game.srcs/sources_1/imports/ee178_fall2015_lab8/project.v:13]
---------------------------------------------------------------------------------
Finished RTL Elaboration : Time (s): cpu = 00:00:05 ; elapsed = 00:00:06 . Memory (MB): peak = 278.598 ; gain = 103.652
---------------------------------------------------------------------------------

Report Check Netlist: 
+------+------------------+-------+---------+-------+------------------+
|      |Item              |Errors |Warnings |Status |Description       |
+------+------------------+-------+---------+-------+------------------+
|1     |multi_driven_nets |      0|        0|Passed |Multi driven nets |
+------+------------------+-------+---------+-------+------------------+
---------------------------------------------------------------------------------
Finished RTL Optimization Phase 1 : Time (s): cpu = 00:00:05 ; elapsed = 00:00:06 . Memory (MB): peak = 278.598 ; gain = 103.652
---------------------------------------------------------------------------------
