
*** Running vivado
    with args -log tutorial.vdi -applog -m64 -messageDb vivado.pb -mode batch -source tutorial.tcl -notrace

WARNING: Default location for XILINX_VIVADO_HLS not found: 

****** Vivado v2015.2 (64-bit)
  **** SW Build 1266856 on Fri Jun 26 16:35:25 MDT 2015
  **** IP Build 1264090 on Wed Jun 24 14:22:01 MDT 2015
    ** Copyright 1986-2015 Xilinx, Inc. All Rights Reserved.

source tutorial.tcl -notrace
Design is defaulting to srcset: sources_1
Design is defaulting to constrset: constrs_1
INFO: [Netlist 29-17] Analyzing 84 Unisim elements for replacement
INFO: [Netlist 29-28] Unisim Transformation completed in 0 CPU seconds
INFO: [Project 1-479] Netlist was created with Vivado 2015.2
INFO: [Device 21-403] Loading part xc7a35tcpg236-1
INFO: [Project 1-570] Preparing netlist for logic optimization
Parsing XDC File [F:/adnans_lab7/adnans_lab7.srcs/constrs_1/imports/Lab7/tutorial.xdc]
Finished Parsing XDC File [F:/adnans_lab7/adnans_lab7.srcs/constrs_1/imports/Lab7/tutorial.xdc]
INFO: [Opt 31-138] Pushed 0 inverter(s) to 0 load pin(s).
INFO: [Project 1-111] Unisim Transformation Summary:
  A total of 56 instances were transformed.
  LUT6_2 => LUT6_2 (LUT5, LUT6): 50 instances
  RAM32M => RAM32M (RAMD32, RAMD32, RAMD32, RAMD32, RAMD32, RAMD32, RAMS32, RAMS32): 4 instances
  RAM64M => RAM64M (RAMD64E, RAMD64E, RAMD64E, RAMD64E): 2 instances

Command: opt_design
Attempting to get a license for feature 'Implementation' and/or device 'xc7a35t'
INFO: [Common 17-349] Got license for feature 'Implementation' and/or device 'xc7a35t'
Running DRC as a precondition to command opt_design

Starting DRC Task
INFO: [Project 1-461] DRC finished with 0 Errors
INFO: [Project 1-462] Please refer to the DRC report (report_drc) for more information.

Time (s): cpu = 00:00:00 ; elapsed = 00:00:00.078 . Memory (MB): peak = 448.313 ; gain = 2.875
INFO: [Timing 38-35] Done setting XDC timing constraints.

Starting Logic Optimization Task

Phase 1 Retarget

INFO: [Opt 31-138] Pushed 0 inverter(s) to 0 load pin(s).
INFO: [Opt 31-49] Retargeted 0 cell(s).
Phase 1 Retarget | Checksum: 15838b552

Time (s): cpu = 00:00:00 ; elapsed = 00:00:00.032 . Memory (MB): peak = 889.613 ; gain = 0.000

Phase 2 Constant Propagation
INFO: [Opt 31-138] Pushed 0 inverter(s) to 0 load pin(s).
INFO: [Opt 31-10] Eliminated 1 cells.
Phase 2 Constant Propagation | Checksum: 175c7a5f5

Time (s): cpu = 00:00:01 ; elapsed = 00:00:00.063 . Memory (MB): peak = 889.613 ; gain = 0.000

Phase 3 Sweep
INFO: [Opt 31-12] Eliminated 29 unconnected nets.
INFO: [Opt 31-11] Eliminated 0 unconnected cells.
Phase 3 Sweep | Checksum: fae4f679

Time (s): cpu = 00:00:01 ; elapsed = 00:00:00.080 . Memory (MB): peak = 889.613 ; gain = 0.000

Starting Connectivity Check Task

Time (s): cpu = 00:00:00 ; elapsed = 00:00:00 . Memory (MB): peak = 889.613 ; gain = 0.000
Ending Logic Optimization Task | Checksum: fae4f679

Time (s): cpu = 00:00:01 ; elapsed = 00:00:00.080 . Memory (MB): peak = 889.613 ; gain = 0.000
Implement Debug Cores | Checksum: 1954a95d8
Logic Optimization | Checksum: 1954a95d8

Starting Power Optimization Task
INFO: [Pwropt 34-132] Skipping clock gating for clocks with a period < 3.13 ns.
INFO: [Pwropt 34-9] Applying IDT optimizations ...
INFO: [Pwropt 34-10] Applying ODC optimizations ...


Starting PowerOpt Patch Enables Task
INFO: [Pwropt 34-162] WRITE_MODE attribute of 0 BRAM(s) out of a total of 1 has been updated to save power. Run report_power_opt to get a complete listing of the BRAMs updated.
INFO: [Pwropt 34-201] Structural ODC has moved 0 WE to EN ports
Number of BRAM Ports augmented: 1 newly gated: 0 Total Ports: 2
Number of Flops added for Enable Generation: 3

Ending PowerOpt Patch Enables Task | Checksum: 139cd5e26

Time (s): cpu = 00:00:00 ; elapsed = 00:00:00.015 . Memory (MB): peak = 941.441 ; gain = 0.000
Ending Power Optimization Task | Checksum: 139cd5e26

Time (s): cpu = 00:00:00 ; elapsed = 00:00:00.391 . Memory (MB): peak = 941.441 ; gain = 51.828
INFO: [Common 17-83] Releasing license: Implementation
23 Infos, 0 Warnings, 0 Critical Warnings and 0 Errors encountered.
opt_design completed successfully
opt_design: Time (s): cpu = 00:00:12 ; elapsed = 00:00:13 . Memory (MB): peak = 941.441 ; gain = 496.004
Writing placer database...
Writing XDEF routing.
Writing XDEF routing logical nets.
Writing XDEF routing special nets.
Write XDEF Complete: Time (s): cpu = 00:00:00 ; elapsed = 00:00:00.047 . Memory (MB): peak = 941.441 ; gain = 0.000
INFO: [Coretcl 2-168] The results of DRC are in file F:/adnans_lab7/adnans_lab7.runs/impl_1/tutorial_drc_opted.rpt.
INFO: [#UNDEF] Cannot write hardware definition file as there are no IPI block design hardware handoff files present
Command: place_design
Attempting to get a license for feature 'Implementation' and/or device 'xc7a35t'
INFO: [Common 17-349] Got license for feature 'Implementation' and/or device 'xc7a35t'
INFO: [Vivado_Tcl 4-198] DRC finished with 0 Errors
INFO: [Vivado_Tcl 4-199] Please refer to the DRC report (report_drc) for more information.
Running DRC as a precondition to command place_design
INFO: [Vivado_Tcl 4-198] DRC finished with 0 Errors
INFO: [Vivado_Tcl 4-199] Please refer to the DRC report (report_drc) for more information.

Starting Placer Task

Phase 1 Placer Runtime Estimator
Phase 1 Placer Runtime Estimator | Checksum: 8f3eada1

Time (s): cpu = 00:00:00 ; elapsed = 00:00:00.016 . Memory (MB): peak = 941.441 ; gain = 0.000

Phase 2 Placer Initialization
Netlist sorting complete. Time (s): cpu = 00:00:00 ; elapsed = 00:00:00 . Memory (MB): peak = 941.441 ; gain = 0.000
INFO: [Opt 31-138] Pushed 0 inverter(s) to 0 load pin(s).
Netlist sorting complete. Time (s): cpu = 00:00:00 ; elapsed = 00:00:00 . Memory (MB): peak = 941.441 ; gain = 0.000

Phase 2.1 IO Placement/ Clock Placement/ Build Placer Device

Phase 2.1.1 Pre-Place Cells
Phase 2.1.1 Pre-Place Cells | Checksum: 1820e617

Time (s): cpu = 00:00:00 ; elapsed = 00:00:00.047 . Memory (MB): peak = 941.441 ; gain = 0.000
INFO: [Timing 38-35] Done setting XDC timing constraints.

Phase 2.1.2 IO & Clk Clean Up
Phase 2.1.2 IO & Clk Clean Up | Checksum: 1820e617

Time (s): cpu = 00:00:00 ; elapsed = 00:00:00.814 . Memory (MB): peak = 941.441 ; gain = 0.000

Phase 2.1.3 Implementation Feasibility check On IDelay
Phase 2.1.3 Implementation Feasibility check On IDelay | Checksum: 1820e617

Time (s): cpu = 00:00:00 ; elapsed = 00:00:00.814 . Memory (MB): peak = 941.441 ; gain = 0.000

Phase 2.1.4 Commit IO Placement
Phase 2.1.4 Commit IO Placement | Checksum: 3ef9311a

Time (s): cpu = 00:00:00 ; elapsed = 00:00:00.814 . Memory (MB): peak = 941.441 ; gain = 0.000
Phase 2.1 IO Placement/ Clock Placement/ Build Placer Device | Checksum: e18b87c8

Time (s): cpu = 00:00:00 ; elapsed = 00:00:00.814 . Memory (MB): peak = 941.441 ; gain = 0.000

Phase 2.2 Build Placer Netlist Model

Phase 2.2.1 Place Init Design

Phase 2.2.1.1 Init Lut Pin Assignment
Phase 2.2.1.1 Init Lut Pin Assignment | Checksum: 134eb7a77

Time (s): cpu = 00:00:01 ; elapsed = 00:00:00.860 . Memory (MB): peak = 941.441 ; gain = 0.000
Phase 2.2.1 Place Init Design | Checksum: fda018a7

Time (s): cpu = 00:00:01 ; elapsed = 00:00:01 . Memory (MB): peak = 941.441 ; gain = 0.000
Phase 2.2 Build Placer Netlist Model | Checksum: fda018a7

Time (s): cpu = 00:00:01 ; elapsed = 00:00:01 . Memory (MB): peak = 941.441 ; gain = 0.000

Phase 2.3 Constrain Clocks/Macros

Phase 2.3.1 Constrain Global/Regional Clocks
Phase 2.3.1 Constrain Global/Regional Clocks | Checksum: fda018a7

Time (s): cpu = 00:00:01 ; elapsed = 00:00:01 . Memory (MB): peak = 941.441 ; gain = 0.000
Phase 2.3 Constrain Clocks/Macros | Checksum: fda018a7

Time (s): cpu = 00:00:01 ; elapsed = 00:00:01 . Memory (MB): peak = 941.441 ; gain = 0.000
Phase 2 Placer Initialization | Checksum: fda018a7

Time (s): cpu = 00:00:01 ; elapsed = 00:00:01 . Memory (MB): peak = 941.441 ; gain = 0.000

Phase 3 Global Placement
Phase 3 Global Placement | Checksum: ea9e2723

Time (s): cpu = 00:00:01 ; elapsed = 00:00:01 . Memory (MB): peak = 941.441 ; gain = 0.000

Phase 4 Detail Placement

Phase 4.1 Commit Multi Column Macros
Phase 4.1 Commit Multi Column Macros | Checksum: ea9e2723

Time (s): cpu = 00:00:01 ; elapsed = 00:00:01 . Memory (MB): peak = 941.441 ; gain = 0.000

Phase 4.2 Commit Most Macros & LUTRAMs
Phase 4.2 Commit Most Macros & LUTRAMs | Checksum: 15cbc4c51

Time (s): cpu = 00:00:01 ; elapsed = 00:00:01 . Memory (MB): peak = 941.441 ; gain = 0.000

Phase 4.3 Area Swap Optimization
Phase 4.3 Area Swap Optimization | Checksum: 1ceca0688

Time (s): cpu = 00:00:01 ; elapsed = 00:00:01 . Memory (MB): peak = 941.441 ; gain = 0.000

Phase 4.4 updateClock Trees: DP
Phase 4.4 updateClock Trees: DP | Checksum: 1ceca0688

Time (s): cpu = 00:00:01 ; elapsed = 00:00:01 . Memory (MB): peak = 941.441 ; gain = 0.000

Phase 4.5 Timing Path Optimizer
Phase 4.5 Timing Path Optimizer | Checksum: 1a7599abc

Time (s): cpu = 00:00:01 ; elapsed = 00:00:01 . Memory (MB): peak = 941.441 ; gain = 0.000

Phase 4.6 Small Shape Detail Placement

Phase 4.6.1 Commit Small Macros & Core Logic

Phase 4.6.1.1 setBudgets
Phase 4.6.1.1 setBudgets | Checksum: ea48c2ee

Time (s): cpu = 00:00:01 ; elapsed = 00:00:01 . Memory (MB): peak = 941.441 ; gain = 0.000

Phase 4.6.1.2 Commit Slice Clusters
Phase 4.6.1.2 Commit Slice Clusters | Checksum: 1501abfc5

Time (s): cpu = 00:00:01 ; elapsed = 00:00:02 . Memory (MB): peak = 941.441 ; gain = 0.000
Phase 4.6.1 Commit Small Macros & Core Logic | Checksum: 1501abfc5

Time (s): cpu = 00:00:01 ; elapsed = 00:00:02 . Memory (MB): peak = 941.441 ; gain = 0.000

Phase 4.6.2 Clock Restriction Legalization for Leaf Columns
Phase 4.6.2 Clock Restriction Legalization for Leaf Columns | Checksum: 1501abfc5

Time (s): cpu = 00:00:01 ; elapsed = 00:00:02 . Memory (MB): peak = 941.441 ; gain = 0.000

Phase 4.6.3 Clock Restriction Legalization for Non-Clock Pins
Phase 4.6.3 Clock Restriction Legalization for Non-Clock Pins | Checksum: 1501abfc5

Time (s): cpu = 00:00:01 ; elapsed = 00:00:02 . Memory (MB): peak = 941.441 ; gain = 0.000
Phase 4.6 Small Shape Detail Placement | Checksum: 1501abfc5

Time (s): cpu = 00:00:01 ; elapsed = 00:00:02 . Memory (MB): peak = 941.441 ; gain = 0.000

Phase 4.7 Re-assign LUT pins
Phase 4.7 Re-assign LUT pins | Checksum: 1501abfc5

Time (s): cpu = 00:00:01 ; elapsed = 00:00:02 . Memory (MB): peak = 941.441 ; gain = 0.000
Phase 4 Detail Placement | Checksum: 1501abfc5

Time (s): cpu = 00:00:01 ; elapsed = 00:00:02 . Memory (MB): peak = 941.441 ; gain = 0.000

Phase 5 Post Placement Optimization and Clean-Up

Phase 5.1 PCOPT Shape updates
Phase 5.1 PCOPT Shape updates | Checksum: 268cfffc7

Time (s): cpu = 00:00:01 ; elapsed = 00:00:02 . Memory (MB): peak = 941.441 ; gain = 0.000

Phase 5.2 Post Commit Optimization

Phase 5.2.1 updateClock Trees: PCOPT
Phase 5.2.1 updateClock Trees: PCOPT | Checksum: 268cfffc7

Time (s): cpu = 00:00:01 ; elapsed = 00:00:02 . Memory (MB): peak = 941.441 ; gain = 0.000

Phase 5.2.2 Post Placement Optimization

Phase 5.2.2.1 Post Placement Timing Optimization

Phase 5.2.2.1.1 Restore Best Placement
Phase 5.2.2.1.1 Restore Best Placement | Checksum: 1674cfec6

Time (s): cpu = 00:00:01 ; elapsed = 00:00:02 . Memory (MB): peak = 941.441 ; gain = 0.000
INFO: [Place 30-746] Post Placement Timing Summary WNS=0.626. For the most accurate timing information please run report_timing.
Phase 5.2.2.1 Post Placement Timing Optimization | Checksum: 1674cfec6

Time (s): cpu = 00:00:01 ; elapsed = 00:00:02 . Memory (MB): peak = 941.441 ; gain = 0.000
Phase 5.2.2 Post Placement Optimization | Checksum: 1674cfec6

Time (s): cpu = 00:00:01 ; elapsed = 00:00:02 . Memory (MB): peak = 941.441 ; gain = 0.000
Phase 5.2 Post Commit Optimization | Checksum: 1674cfec6

Time (s): cpu = 00:00:01 ; elapsed = 00:00:02 . Memory (MB): peak = 941.441 ; gain = 0.000

Phase 5.3 Sweep Clock Roots: Post-Placement
Phase 5.3 Sweep Clock Roots: Post-Placement | Checksum: 1674cfec6

Time (s): cpu = 00:00:01 ; elapsed = 00:00:02 . Memory (MB): peak = 941.441 ; gain = 0.000

Phase 5.4 Post Placement Cleanup
Phase 5.4 Post Placement Cleanup | Checksum: 1674cfec6

Time (s): cpu = 00:00:01 ; elapsed = 00:00:02 . Memory (MB): peak = 941.441 ; gain = 0.000

Phase 5.5 Placer Reporting

Phase 5.5.1 Restore STA
Phase 5.5.1 Restore STA | Checksum: 1674cfec6

Time (s): cpu = 00:00:01 ; elapsed = 00:00:02 . Memory (MB): peak = 941.441 ; gain = 0.000
Phase 5.5 Placer Reporting | Checksum: 1674cfec6

Time (s): cpu = 00:00:01 ; elapsed = 00:00:02 . Memory (MB): peak = 941.441 ; gain = 0.000

Phase 5.6 Final Placement Cleanup
Phase 5.6 Final Placement Cleanup | Checksum: e6e49592

Time (s): cpu = 00:00:01 ; elapsed = 00:00:02 . Memory (MB): peak = 941.441 ; gain = 0.000
Phase 5 Post Placement Optimization and Clean-Up | Checksum: e6e49592

Time (s): cpu = 00:00:01 ; elapsed = 00:00:02 . Memory (MB): peak = 941.441 ; gain = 0.000
Ending Placer Task | Checksum: bcda6cf2

Time (s): cpu = 00:00:01 ; elapsed = 00:00:02 . Memory (MB): peak = 941.441 ; gain = 0.000
INFO: [Common 17-83] Releasing license: Implementation
34 Infos, 0 Warnings, 0 Critical Warnings and 0 Errors encountered.
place_design completed successfully
Writing placer database...
Writing XDEF routing.
Writing XDEF routing logical nets.
Writing XDEF routing special nets.
Write XDEF Complete: Time (s): cpu = 00:00:00 ; elapsed = 00:00:00.079 . Memory (MB): peak = 941.441 ; gain = 0.000
report_io: Time (s): cpu = 00:00:00 ; elapsed = 00:00:00.031 . Memory (MB): peak = 941.441 ; gain = 0.000
report_utilization: Time (s): cpu = 00:00:00 ; elapsed = 00:00:00.063 . Memory (MB): peak = 941.441 ; gain = 0.000
report_control_sets: Time (s): cpu = 00:00:00 ; elapsed = 00:00:00.015 . Memory (MB): peak = 941.441 ; gain = 0.000
Command: route_design
Attempting to get a license for feature 'Implementation' and/or device 'xc7a35t'
INFO: [Common 17-349] Got license for feature 'Implementation' and/or device 'xc7a35t'
Running DRC as a precondition to command route_design
INFO: [Vivado_Tcl 4-198] DRC finished with 0 Errors
INFO: [Vivado_Tcl 4-199] Please refer to the DRC report (report_drc) for more information.


Starting Routing Task

Phase 1 Build RT Design
Phase 1 Build RT Design | Checksum: 7bec9426

Time (s): cpu = 00:00:23 ; elapsed = 00:00:23 . Memory (MB): peak = 988.359 ; gain = 46.918

Phase 2 Router Initialization

Phase 2.1 Create Timer
Phase 2.1 Create Timer | Checksum: 7bec9426

Time (s): cpu = 00:00:23 ; elapsed = 00:00:23 . Memory (MB): peak = 990.273 ; gain = 48.832

Phase 2.2 Pre Route Cleanup
Phase 2.2 Pre Route Cleanup | Checksum: 7bec9426

Time (s): cpu = 00:00:23 ; elapsed = 00:00:23 . Memory (MB): peak = 993.277 ; gain = 51.836
 Number of Nodes with overlaps = 0

Phase 2.3 Update Timing
Phase 2.3 Update Timing | Checksum: 1a7e5f6d2

Time (s): cpu = 00:00:23 ; elapsed = 00:00:23 . Memory (MB): peak = 995.473 ; gain = 54.031
INFO: [Route 35-57] Estimated Timing Summary | WNS=0.731  | TNS=0.000  | WHS=-0.227 | THS=-10.162|

Phase 2 Router Initialization | Checksum: 1c7e6b856

Time (s): cpu = 00:00:23 ; elapsed = 00:00:23 . Memory (MB): peak = 995.473 ; gain = 54.031

Phase 3 Initial Routing
Phase 3 Initial Routing | Checksum: 19c897564

Time (s): cpu = 00:00:23 ; elapsed = 00:00:23 . Memory (MB): peak = 995.473 ; gain = 54.031

Phase 4 Rip-up And Reroute

Phase 4.1 Global Iteration 0
 Number of Nodes with overlaps = 31
 Number of Nodes with overlaps = 8
 Number of Nodes with overlaps = 3
 Number of Nodes with overlaps = 0

Phase 4.1.1 Update Timing
Phase 4.1.1 Update Timing | Checksum: 1b713206e

Time (s): cpu = 00:00:24 ; elapsed = 00:00:24 . Memory (MB): peak = 995.473 ; gain = 54.031
INFO: [Route 35-57] Estimated Timing Summary | WNS=0.511  | TNS=0.000  | WHS=N/A    | THS=N/A    |

Phase 4.1 Global Iteration 0 | Checksum: 211769433

Time (s): cpu = 00:00:24 ; elapsed = 00:00:24 . Memory (MB): peak = 995.473 ; gain = 54.031
Phase 4 Rip-up And Reroute | Checksum: 211769433

Time (s): cpu = 00:00:24 ; elapsed = 00:00:24 . Memory (MB): peak = 995.473 ; gain = 54.031

Phase 5 Delay and Skew Optimization

Phase 5.1 Delay CleanUp

Phase 5.1.1 Update Timing
Phase 5.1.1 Update Timing | Checksum: 1b9e76717

Time (s): cpu = 00:00:24 ; elapsed = 00:00:24 . Memory (MB): peak = 995.473 ; gain = 54.031
INFO: [Route 35-57] Estimated Timing Summary | WNS=0.590  | TNS=0.000  | WHS=N/A    | THS=N/A    |

Phase 5.1 Delay CleanUp | Checksum: 1b9e76717

Time (s): cpu = 00:00:24 ; elapsed = 00:00:24 . Memory (MB): peak = 995.473 ; gain = 54.031

Phase 5.2 Clock Skew Optimization
Phase 5.2 Clock Skew Optimization | Checksum: 1b9e76717

Time (s): cpu = 00:00:24 ; elapsed = 00:00:24 . Memory (MB): peak = 995.473 ; gain = 54.031
Phase 5 Delay and Skew Optimization | Checksum: 1b9e76717

Time (s): cpu = 00:00:24 ; elapsed = 00:00:24 . Memory (MB): peak = 995.473 ; gain = 54.031

Phase 6 Post Hold Fix

Phase 6.1 Update Timing
Phase 6.1 Update Timing | Checksum: 204567486

Time (s): cpu = 00:00:24 ; elapsed = 00:00:24 . Memory (MB): peak = 995.473 ; gain = 54.031
INFO: [Route 35-57] Estimated Timing Summary | WNS=0.590  | TNS=0.000  | WHS=0.098  | THS=0.000  |

Phase 6 Post Hold Fix | Checksum: 1526d6cde

Time (s): cpu = 00:00:24 ; elapsed = 00:00:24 . Memory (MB): peak = 995.473 ; gain = 54.031

Phase 7 Route finalize

Router Utilization Summary
  Global Vertical Routing Utilization    = 0.11624 %
  Global Horizontal Routing Utilization  = 0.164888 %
  Routable Net Status*
  *Does not include unroutable nets such as driverless and loadless.
  Run report_route_status for detailed report.
  Number of Failed Nets               = 0
  Number of Unrouted Nets             = 0
  Number of Partially Routed Nets     = 0
  Number of Node Overlaps             = 0

Phase 7 Route finalize | Checksum: 146fcf5ac

Time (s): cpu = 00:00:24 ; elapsed = 00:00:24 . Memory (MB): peak = 995.473 ; gain = 54.031

Phase 8 Verifying routed nets

 Verification completed successfully
Phase 8 Verifying routed nets | Checksum: 146fcf5ac

Time (s): cpu = 00:00:24 ; elapsed = 00:00:24 . Memory (MB): peak = 995.930 ; gain = 54.488

Phase 9 Depositing Routes
Phase 9 Depositing Routes | Checksum: 1bf665d88

Time (s): cpu = 00:00:24 ; elapsed = 00:00:24 . Memory (MB): peak = 995.930 ; gain = 54.488

Phase 10 Post Router Timing
INFO: [Route 35-57] Estimated Timing Summary | WNS=0.590  | TNS=0.000  | WHS=0.098  | THS=0.000  |

INFO: [Route 35-327] The final timing numbers are based on the router estimated timing analysis. For a complete and accurate timing signoff, please run report_timing_summary.
Phase 10 Post Router Timing | Checksum: 1bf665d88

Time (s): cpu = 00:00:24 ; elapsed = 00:00:24 . Memory (MB): peak = 995.930 ; gain = 54.488
INFO: [Route 35-16] Router Completed Successfully

Time (s): cpu = 00:00:24 ; elapsed = 00:00:24 . Memory (MB): peak = 995.930 ; gain = 54.488

Routing Is Done.
INFO: [Common 17-83] Releasing license: Implementation
45 Infos, 0 Warnings, 0 Critical Warnings and 0 Errors encountered.
route_design completed successfully
route_design: Time (s): cpu = 00:00:24 ; elapsed = 00:00:24 . Memory (MB): peak = 995.930 ; gain = 54.488
Writing placer database...
Writing XDEF routing.
Writing XDEF routing logical nets.
Writing XDEF routing special nets.
Write XDEF Complete: Time (s): cpu = 00:00:00 ; elapsed = 00:00:00.094 . Memory (MB): peak = 995.930 ; gain = 0.000
INFO: [Coretcl 2-168] The results of DRC are in file F:/adnans_lab7/adnans_lab7.runs/impl_1/tutorial_drc_routed.rpt.
INFO: [Timing 38-91] UpdateTimingParams: Speed grade: -1, Delay Type: min_max.
Running Vector-less Activity Propagation...

Finished Running Vector-less Activity Propagation
Attempting to get a license for feature 'Implementation' and/or device 'xc7a35t'
INFO: [Common 17-349] Got license for feature 'Implementation' and/or device 'xc7a35t'
Running DRC as a precondition to command write_bitstream
INFO: [Vivado 12-3199] DRC finished with 0 Errors
INFO: [Vivado 12-3200] Please refer to the DRC report (report_drc) for more information.
Loading data files...
Loading site data...
Loading route data...
Processing options...
Creating bitmap...
Creating bitstream...
Writing bitstream ./tutorial.bit...
INFO: [Vivado 12-1842] Bitgen Completed Successfully.
INFO: [Common 17-83] Releasing license: Implementation
write_bitstream: Time (s): cpu = 00:00:18 ; elapsed = 00:00:19 . Memory (MB): peak = 1310.500 ; gain = 309.457
INFO: [Vivado_Tcl 4-395] Unable to parse hwdef file tutorial.hwdef
INFO: [Common 17-206] Exiting Vivado at Sun Nov 15 06:25:23 2015...
